[2023-12-14T10:55:11.209+0000] {taskinstance.py:1159} INFO - Dependencies all met for dep_context=non-requeueable deps ti=<TaskInstance: open_fda.extract scheduled__2023-12-13T00:00:00+00:00 [queued]>
[2023-12-14T10:55:11.212+0000] {taskinstance.py:1159} INFO - Dependencies all met for dep_context=requeueable deps ti=<TaskInstance: open_fda.extract scheduled__2023-12-13T00:00:00+00:00 [queued]>
[2023-12-14T10:55:11.212+0000] {taskinstance.py:1361} INFO - Starting attempt 1 of 1
[2023-12-14T10:55:11.217+0000] {taskinstance.py:1382} INFO - Executing <Task(PythonOperator): extract> on 2023-12-13 00:00:00+00:00
[2023-12-14T10:55:11.221+0000] {standard_task_runner.py:57} INFO - Started process 80 to run task
[2023-12-14T10:55:11.224+0000] {standard_task_runner.py:84} INFO - Running: ['***', 'tasks', 'run', 'open_fda', 'extract', 'scheduled__2023-12-13T00:00:00+00:00', '--job-id', '5', '--raw', '--subdir', 'DAGS_FOLDER/outcome_dag.py', '--cfg-path', '/tmp/tmp7u9n943s']
[2023-12-14T10:55:11.225+0000] {standard_task_runner.py:85} INFO - Job 5: Subtask extract
[2023-12-14T10:55:11.274+0000] {task_command.py:416} INFO - Running <TaskInstance: open_fda.extract scheduled__2023-12-13T00:00:00+00:00 [running]> on host e3645a97e7b5
[2023-12-14T10:55:11.326+0000] {taskinstance.py:1662} INFO - Exporting env vars: AIRFLOW_CTX_DAG_OWNER='***' AIRFLOW_CTX_DAG_ID='open_fda' AIRFLOW_CTX_TASK_ID='extract' AIRFLOW_CTX_EXECUTION_DATE='2023-12-13T00:00:00+00:00' AIRFLOW_CTX_TRY_NUMBER='1' AIRFLOW_CTX_DAG_RUN_ID='scheduled__2023-12-13T00:00:00+00:00'
[2023-12-14T10:55:41.209+0000] {warnings.py:109} WARNING - /home/***/.local/lib/python3.8/site-packages/***/utils/context.py:314: AirflowContextDeprecationWarning: Accessing 'execution_date' from the template is deprecated and will be removed in a future version. Please use 'data_interval_start' or 'logical_date' instead.
  warnings.warn(_create_deprecation_warning(k, replacements))

[2023-12-14T10:55:43.813+0000] {logging_mixin.py:154} INFO - File uploaded successfully to 'dsc-bucket-1/raw/2023-12-13_open_fda_raw.csv'.
[2023-12-14T10:55:43.918+0000] {python.py:194} INFO - Done. Returned value was: None
[2023-12-14T10:55:43.931+0000] {taskinstance.py:1400} INFO - Marking task as SUCCESS. dag_id=open_fda, task_id=extract, execution_date=20231213T000000, start_date=20231214T105511, end_date=20231214T105543
[2023-12-14T10:55:43.986+0000] {local_task_job_runner.py:228} INFO - Task exited with return code 0
[2023-12-14T10:55:44.011+0000] {taskinstance.py:2778} INFO - 1 downstream tasks scheduled from follow-on schedule check
[2023-12-14T22:36:01.118+0000] {taskinstance.py:1159} INFO - Dependencies all met for dep_context=non-requeueable deps ti=<TaskInstance: open_fda.extract scheduled__2023-12-13T00:00:00+00:00 [queued]>
[2023-12-14T22:36:01.125+0000] {taskinstance.py:1159} INFO - Dependencies all met for dep_context=requeueable deps ti=<TaskInstance: open_fda.extract scheduled__2023-12-13T00:00:00+00:00 [queued]>
[2023-12-14T22:36:01.125+0000] {taskinstance.py:1361} INFO - Starting attempt 1 of 1
[2023-12-14T22:36:01.134+0000] {taskinstance.py:1382} INFO - Executing <Task(PythonOperator): extract> on 2023-12-13 00:00:00+00:00
[2023-12-14T22:36:01.138+0000] {standard_task_runner.py:57} INFO - Started process 82 to run task
[2023-12-14T22:36:01.144+0000] {standard_task_runner.py:84} INFO - Running: ['***', 'tasks', 'run', 'open_fda', 'extract', 'scheduled__2023-12-13T00:00:00+00:00', '--job-id', '4', '--raw', '--subdir', 'DAGS_FOLDER/outcome_dag.py', '--cfg-path', '/tmp/tmptqs6p066']
[2023-12-14T22:36:01.147+0000] {standard_task_runner.py:85} INFO - Job 4: Subtask extract
[2023-12-14T22:36:01.215+0000] {task_command.py:416} INFO - Running <TaskInstance: open_fda.extract scheduled__2023-12-13T00:00:00+00:00 [running]> on host 3a11139d188c
[2023-12-14T22:36:01.321+0000] {taskinstance.py:1662} INFO - Exporting env vars: AIRFLOW_CTX_DAG_OWNER='***' AIRFLOW_CTX_DAG_ID='open_fda' AIRFLOW_CTX_TASK_ID='extract' AIRFLOW_CTX_EXECUTION_DATE='2023-12-13T00:00:00+00:00' AIRFLOW_CTX_TRY_NUMBER='1' AIRFLOW_CTX_DAG_RUN_ID='scheduled__2023-12-13T00:00:00+00:00'
[2023-12-14T22:36:36.802+0000] {warnings.py:109} WARNING - /home/***/.local/lib/python3.8/site-packages/***/utils/context.py:314: AirflowContextDeprecationWarning: Accessing 'execution_date' from the template is deprecated and will be removed in a future version. Please use 'data_interval_start' or 'logical_date' instead.
  warnings.warn(_create_deprecation_warning(k, replacements))

[2023-12-14T22:36:41.672+0000] {logging_mixin.py:154} INFO - File uploaded successfully to 'dsc-bucket-1/raw/2023-12-13_open_fda_raw.csv'.
[2023-12-14T22:36:41.912+0000] {python.py:194} INFO - Done. Returned value was: None
[2023-12-14T22:36:41.926+0000] {taskinstance.py:1400} INFO - Marking task as SUCCESS. dag_id=open_fda, task_id=extract, execution_date=20231213T000000, start_date=20231214T223601, end_date=20231214T223641
[2023-12-14T22:36:42.070+0000] {local_task_job_runner.py:228} INFO - Task exited with return code 0
[2023-12-14T22:36:42.117+0000] {taskinstance.py:2778} INFO - 1 downstream tasks scheduled from follow-on schedule check
