[2023-12-14T18:20:15.861+0000] {taskinstance.py:1159} INFO - Dependencies all met for dep_context=non-requeueable deps ti=<TaskInstance: open_fda.transform manual__2023-12-14T18:19:43.986976+00:00 [queued]>
[2023-12-14T18:20:15.865+0000] {taskinstance.py:1159} INFO - Dependencies all met for dep_context=requeueable deps ti=<TaskInstance: open_fda.transform manual__2023-12-14T18:19:43.986976+00:00 [queued]>
[2023-12-14T18:20:15.865+0000] {taskinstance.py:1361} INFO - Starting attempt 1 of 1
[2023-12-14T18:20:15.870+0000] {taskinstance.py:1382} INFO - Executing <Task(PythonOperator): transform> on 2023-12-14 18:19:43.986976+00:00
[2023-12-14T18:20:15.874+0000] {standard_task_runner.py:57} INFO - Started process 72 to run task
[2023-12-14T18:20:15.877+0000] {standard_task_runner.py:84} INFO - Running: ['***', 'tasks', 'run', 'open_fda', 'transform', 'manual__2023-12-14T18:19:43.986976+00:00', '--job-id', '4', '--raw', '--subdir', 'DAGS_FOLDER/outcome_dag.py', '--cfg-path', '/tmp/tmpk14llnp3']
[2023-12-14T18:20:15.878+0000] {standard_task_runner.py:85} INFO - Job 4: Subtask transform
[2023-12-14T18:20:15.908+0000] {task_command.py:416} INFO - Running <TaskInstance: open_fda.transform manual__2023-12-14T18:19:43.986976+00:00 [running]> on host 3237edf0539d
[2023-12-14T18:20:15.944+0000] {taskinstance.py:1662} INFO - Exporting env vars: AIRFLOW_CTX_DAG_OWNER='***' AIRFLOW_CTX_DAG_ID='open_fda' AIRFLOW_CTX_TASK_ID='transform' AIRFLOW_CTX_EXECUTION_DATE='2023-12-14T18:19:43.986976+00:00' AIRFLOW_CTX_TRY_NUMBER='1' AIRFLOW_CTX_DAG_RUN_ID='manual__2023-12-14T18:19:43.986976+00:00'
[2023-12-14T18:20:16.754+0000] {logging_mixin.py:154} INFO - Tables have been created
[2023-12-14T18:20:16.841+0000] {warnings.py:109} WARNING - /home/***/.local/lib/python3.8/site-packages/***/utils/context.py:314: AirflowContextDeprecationWarning: Accessing 'execution_date' from the template is deprecated and will be removed in a future version. Please use 'data_interval_start' or 'logical_date' instead.
  warnings.warn(_create_deprecation_warning(k, replacements))

[2023-12-14T18:20:23.720+0000] {logging_mixin.py:154} INFO - File uploaded successfully to 'dsc-bucket-1/transformed/2023-12-14_recall_fct.csv'.
[2023-12-14T18:20:24.812+0000] {logging_mixin.py:154} INFO - File uploaded successfully to 'dsc-bucket-1/transformed/2023-12-14_firm_dim.csv'.
[2023-12-14T18:20:25.461+0000] {logging_mixin.py:154} INFO - File uploaded successfully to 'dsc-bucket-1/transformed/2023-12-14_status_dim.csv'.
[2023-12-14T18:20:26.121+0000] {logging_mixin.py:154} INFO - File uploaded successfully to 'dsc-bucket-1/transformed/2023-12-14_cause_dim.csv'.
[2023-12-14T18:20:26.122+0000] {python.py:194} INFO - Done. Returned value was: None
[2023-12-14T18:20:26.129+0000] {taskinstance.py:1400} INFO - Marking task as SUCCESS. dag_id=open_fda, task_id=transform, execution_date=20231214T181943, start_date=20231214T182015, end_date=20231214T182026
[2023-12-14T18:20:26.161+0000] {local_task_job_runner.py:228} INFO - Task exited with return code 0
[2023-12-14T18:20:26.174+0000] {taskinstance.py:2778} INFO - 1 downstream tasks scheduled from follow-on schedule check
