[2023-12-14T10:55:11.210+0000] {taskinstance.py:1159} INFO - Dependencies all met for dep_context=non-requeueable deps ti=<TaskInstance: open_fda.extract scheduled__2023-12-12T00:00:00+00:00 [queued]>
[2023-12-14T10:55:11.213+0000] {taskinstance.py:1159} INFO - Dependencies all met for dep_context=requeueable deps ti=<TaskInstance: open_fda.extract scheduled__2023-12-12T00:00:00+00:00 [queued]>
[2023-12-14T10:55:11.213+0000] {taskinstance.py:1361} INFO - Starting attempt 1 of 1
[2023-12-14T10:55:11.228+0000] {taskinstance.py:1382} INFO - Executing <Task(PythonOperator): extract> on 2023-12-12 00:00:00+00:00
[2023-12-14T10:55:11.232+0000] {standard_task_runner.py:57} INFO - Started process 82 to run task
[2023-12-14T10:55:11.235+0000] {standard_task_runner.py:84} INFO - Running: ['***', 'tasks', 'run', 'open_fda', 'extract', 'scheduled__2023-12-12T00:00:00+00:00', '--job-id', '3', '--raw', '--subdir', 'DAGS_FOLDER/outcome_dag.py', '--cfg-path', '/tmp/tmpf8fswcvk']
[2023-12-14T10:55:11.236+0000] {standard_task_runner.py:85} INFO - Job 3: Subtask extract
[2023-12-14T10:55:11.280+0000] {task_command.py:416} INFO - Running <TaskInstance: open_fda.extract scheduled__2023-12-12T00:00:00+00:00 [running]> on host e3645a97e7b5
[2023-12-14T10:55:11.332+0000] {taskinstance.py:1662} INFO - Exporting env vars: AIRFLOW_CTX_DAG_OWNER='***' AIRFLOW_CTX_DAG_ID='open_fda' AIRFLOW_CTX_TASK_ID='extract' AIRFLOW_CTX_EXECUTION_DATE='2023-12-12T00:00:00+00:00' AIRFLOW_CTX_TRY_NUMBER='1' AIRFLOW_CTX_DAG_RUN_ID='scheduled__2023-12-12T00:00:00+00:00'
[2023-12-14T10:55:41.375+0000] {warnings.py:109} WARNING - /home/***/.local/lib/python3.8/site-packages/***/utils/context.py:314: AirflowContextDeprecationWarning: Accessing 'execution_date' from the template is deprecated and will be removed in a future version. Please use 'data_interval_start' or 'logical_date' instead.
  warnings.warn(_create_deprecation_warning(k, replacements))

[2023-12-14T10:55:41.685+0000] {local_task_job_runner.py:294} WARNING - State of this instance has been externally set to restarting. Terminating instance.
[2023-12-14T10:55:41.690+0000] {process_utils.py:131} INFO - Sending 15 to group 82. PIDs of all processes in the group: [82]
[2023-12-14T10:55:41.691+0000] {process_utils.py:86} INFO - Sending the signal 15 to group 82
[2023-12-14T10:55:41.967+0000] {taskinstance.py:1632} ERROR - Received SIGTERM. Terminating subprocesses.
[2023-12-14T10:55:41.968+0000] {logging_mixin.py:154} WARNING - Exception ignored in: <function WeakKeyDictionary.__init__.<locals>.remove at 0xffffb6e42e50>
[2023-12-14T10:55:41.969+0000] {logging_mixin.py:154} WARNING - Traceback (most recent call last):
[2023-12-14T10:55:41.969+0000] {logging_mixin.py:154} WARNING -   File "/usr/local/lib/python3.8/weakref.py", line 345, in remove
[2023-12-14T10:55:41.970+0000] {logging_mixin.py:154} WARNING -     def remove(k, selfref=ref(self)):
[2023-12-14T10:55:41.970+0000] {logging_mixin.py:154} WARNING -   File "/home/***/.local/lib/python3.8/site-packages/***/models/taskinstance.py", line 1634, in signal_handler
[2023-12-14T10:55:41.971+0000] {logging_mixin.py:154} WARNING -     raise AirflowException("Task received SIGTERM signal")
[2023-12-14T10:55:41.972+0000] {logging_mixin.py:154} WARNING - ***.exceptions.AirflowException: Task received SIGTERM signal
[2023-12-14T10:55:45.720+0000] {logging_mixin.py:154} INFO - File uploaded successfully to 'dsc-bucket-1/raw/2023-12-12_open_fda_raw.csv'.
[2023-12-14T10:55:45.921+0000] {python.py:194} INFO - Done. Returned value was: None
[2023-12-14T10:55:45.949+0000] {taskinstance.py:1400} INFO - Marking task as SUCCESS. dag_id=open_fda, task_id=extract, execution_date=20231212T000000, start_date=20231214T105511, end_date=20231214T105545
[2023-12-14T10:55:46.063+0000] {process_utils.py:79} INFO - Process psutil.Process(pid=82, status='terminated', exitcode=0, started='10:55:11') (82) terminated with exit code 0
[2023-12-14T22:36:01.132+0000] {taskinstance.py:1159} INFO - Dependencies all met for dep_context=non-requeueable deps ti=<TaskInstance: open_fda.extract scheduled__2023-12-12T00:00:00+00:00 [queued]>
[2023-12-14T22:36:01.156+0000] {taskinstance.py:1159} INFO - Dependencies all met for dep_context=requeueable deps ti=<TaskInstance: open_fda.extract scheduled__2023-12-12T00:00:00+00:00 [queued]>
[2023-12-14T22:36:01.157+0000] {taskinstance.py:1361} INFO - Starting attempt 1 of 1
[2023-12-14T22:36:01.176+0000] {taskinstance.py:1382} INFO - Executing <Task(PythonOperator): extract> on 2023-12-12 00:00:00+00:00
[2023-12-14T22:36:01.184+0000] {standard_task_runner.py:57} INFO - Started process 83 to run task
[2023-12-14T22:36:01.194+0000] {standard_task_runner.py:84} INFO - Running: ['***', 'tasks', 'run', 'open_fda', 'extract', 'scheduled__2023-12-12T00:00:00+00:00', '--job-id', '5', '--raw', '--subdir', 'DAGS_FOLDER/outcome_dag.py', '--cfg-path', '/tmp/tmpbzzzp5j1']
[2023-12-14T22:36:01.199+0000] {standard_task_runner.py:85} INFO - Job 5: Subtask extract
[2023-12-14T22:36:01.298+0000] {task_command.py:416} INFO - Running <TaskInstance: open_fda.extract scheduled__2023-12-12T00:00:00+00:00 [running]> on host 3a11139d188c
[2023-12-14T22:36:01.377+0000] {taskinstance.py:1662} INFO - Exporting env vars: AIRFLOW_CTX_DAG_OWNER='***' AIRFLOW_CTX_DAG_ID='open_fda' AIRFLOW_CTX_TASK_ID='extract' AIRFLOW_CTX_EXECUTION_DATE='2023-12-12T00:00:00+00:00' AIRFLOW_CTX_TRY_NUMBER='1' AIRFLOW_CTX_DAG_RUN_ID='scheduled__2023-12-12T00:00:00+00:00'
[2023-12-14T22:36:37.538+0000] {warnings.py:109} WARNING - /home/***/.local/lib/python3.8/site-packages/***/utils/context.py:314: AirflowContextDeprecationWarning: Accessing 'execution_date' from the template is deprecated and will be removed in a future version. Please use 'data_interval_start' or 'logical_date' instead.
  warnings.warn(_create_deprecation_warning(k, replacements))

[2023-12-14T22:36:42.044+0000] {logging_mixin.py:154} INFO - File uploaded successfully to 'dsc-bucket-1/raw/2023-12-12_open_fda_raw.csv'.
[2023-12-14T22:36:42.310+0000] {python.py:194} INFO - Done. Returned value was: None
[2023-12-14T22:36:42.325+0000] {taskinstance.py:1400} INFO - Marking task as SUCCESS. dag_id=open_fda, task_id=extract, execution_date=20231212T000000, start_date=20231214T223601, end_date=20231214T223642
[2023-12-14T22:36:42.447+0000] {local_task_job_runner.py:228} INFO - Task exited with return code 0
[2023-12-14T22:36:42.486+0000] {taskinstance.py:2778} INFO - 1 downstream tasks scheduled from follow-on schedule check
