[2023-12-17T18:53:10.077+0000] {processor.py:157} INFO - Started process (PID=47) to work on /opt/airflow/dags/outcome_dag.py
[2023-12-17T18:53:10.078+0000] {processor.py:829} INFO - Processing file /opt/airflow/dags/outcome_dag.py for tasks to queue
[2023-12-17T18:53:10.079+0000] {logging_mixin.py:154} INFO - [2023-12-17T18:53:10.079+0000] {dagbag.py:536} INFO - Filling up the DagBag from /opt/airflow/dags/outcome_dag.py
[2023-12-17T18:53:11.027+0000] {logging_mixin.py:154} INFO - [2023-12-17T18:53:11.026+0000] {dagbag.py:346} ERROR - Failed to import: /opt/airflow/dags/outcome_dag.py
Traceback (most recent call last):
  File "/home/airflow/.local/lib/python3.8/site-packages/airflow/models/dagbag.py", line 342, in parse
    loader.exec_module(new_module)
  File "<frozen importlib._bootstrap_external>", line 843, in exec_module
  File "<frozen importlib._bootstrap>", line 219, in _call_with_frames_removed
  File "/opt/airflow/dags/outcome_dag.py", line 5, in <module>
    from etl.sparktransform import spark_transform
  File "/opt/airflow/dags/etl/sparktransform.py", line 6, in <module>
    from pyspark.sql.functions import rand, random, randn
ImportError: cannot import name 'random' from 'pyspark.sql.functions' (/home/airflow/.local/lib/python3.8/site-packages/pyspark/sql/functions.py)
[2023-12-17T18:53:11.028+0000] {processor.py:841} WARNING - No viable dags retrieved from /opt/airflow/dags/outcome_dag.py
[2023-12-17T18:53:11.037+0000] {processor.py:179} INFO - Processing /opt/airflow/dags/outcome_dag.py took 0.961 seconds
[2023-12-17T18:53:41.187+0000] {processor.py:157} INFO - Started process (PID=111) to work on /opt/airflow/dags/outcome_dag.py
[2023-12-17T18:53:41.188+0000] {processor.py:829} INFO - Processing file /opt/airflow/dags/outcome_dag.py for tasks to queue
[2023-12-17T18:53:41.189+0000] {logging_mixin.py:154} INFO - [2023-12-17T18:53:41.189+0000] {dagbag.py:536} INFO - Filling up the DagBag from /opt/airflow/dags/outcome_dag.py
[2023-12-17T18:53:41.966+0000] {logging_mixin.py:154} INFO - [2023-12-17T18:53:41.965+0000] {dagbag.py:346} ERROR - Failed to import: /opt/airflow/dags/outcome_dag.py
Traceback (most recent call last):
  File "/home/airflow/.local/lib/python3.8/site-packages/airflow/models/dagbag.py", line 342, in parse
    loader.exec_module(new_module)
  File "<frozen importlib._bootstrap_external>", line 843, in exec_module
  File "<frozen importlib._bootstrap>", line 219, in _call_with_frames_removed
  File "/opt/airflow/dags/outcome_dag.py", line 5, in <module>
    from etl.sparktransform import spark_transform
  File "/opt/airflow/dags/etl/sparktransform.py", line 6, in <module>
    from pyspark.sql.functions import rand, random, randn
ImportError: cannot import name 'random' from 'pyspark.sql.functions' (/home/airflow/.local/lib/python3.8/site-packages/pyspark/sql/functions.py)
[2023-12-17T18:53:41.967+0000] {processor.py:841} WARNING - No viable dags retrieved from /opt/airflow/dags/outcome_dag.py
[2023-12-17T18:53:41.977+0000] {processor.py:179} INFO - Processing /opt/airflow/dags/outcome_dag.py took 0.792 seconds
[2023-12-17T18:54:12.644+0000] {processor.py:157} INFO - Started process (PID=169) to work on /opt/airflow/dags/outcome_dag.py
[2023-12-17T18:54:12.646+0000] {processor.py:829} INFO - Processing file /opt/airflow/dags/outcome_dag.py for tasks to queue
[2023-12-17T18:54:12.650+0000] {logging_mixin.py:154} INFO - [2023-12-17T18:54:12.650+0000] {dagbag.py:536} INFO - Filling up the DagBag from /opt/airflow/dags/outcome_dag.py
[2023-12-17T18:54:13.285+0000] {logging_mixin.py:154} INFO - [2023-12-17T18:54:13.284+0000] {dagbag.py:346} ERROR - Failed to import: /opt/airflow/dags/outcome_dag.py
Traceback (most recent call last):
  File "/home/airflow/.local/lib/python3.8/site-packages/airflow/models/dagbag.py", line 342, in parse
    loader.exec_module(new_module)
  File "<frozen importlib._bootstrap_external>", line 843, in exec_module
  File "<frozen importlib._bootstrap>", line 219, in _call_with_frames_removed
  File "/opt/airflow/dags/outcome_dag.py", line 5, in <module>
    from etl.sparktransform import spark_transform
  File "/opt/airflow/dags/etl/sparktransform.py", line 6, in <module>
    from pyspark.sql.functions import rand, random, randn
ImportError: cannot import name 'random' from 'pyspark.sql.functions' (/home/airflow/.local/lib/python3.8/site-packages/pyspark/sql/functions.py)
[2023-12-17T18:54:13.286+0000] {processor.py:841} WARNING - No viable dags retrieved from /opt/airflow/dags/outcome_dag.py
[2023-12-17T18:54:13.296+0000] {processor.py:179} INFO - Processing /opt/airflow/dags/outcome_dag.py took 0.658 seconds
[2023-12-17T18:56:11.778+0000] {processor.py:157} INFO - Started process (PID=46) to work on /opt/airflow/dags/outcome_dag.py
[2023-12-17T18:56:11.779+0000] {processor.py:829} INFO - Processing file /opt/airflow/dags/outcome_dag.py for tasks to queue
[2023-12-17T18:56:11.782+0000] {logging_mixin.py:154} INFO - [2023-12-17T18:56:11.781+0000] {dagbag.py:536} INFO - Filling up the DagBag from /opt/airflow/dags/outcome_dag.py
[2023-12-17T18:56:14.515+0000] {logging_mixin.py:154} INFO - [2023-12-17T18:56:14.513+0000] {dagbag.py:346} ERROR - Failed to import: /opt/airflow/dags/outcome_dag.py
Traceback (most recent call last):
  File "/home/airflow/.local/lib/python3.8/site-packages/airflow/models/dagbag.py", line 342, in parse
    loader.exec_module(new_module)
  File "<frozen importlib._bootstrap_external>", line 843, in exec_module
  File "<frozen importlib._bootstrap>", line 219, in _call_with_frames_removed
  File "/opt/airflow/dags/outcome_dag.py", line 38, in <module>
    extract >> transform >> load >> sptransform
NameError: name 'sptransform' is not defined
[2023-12-17T18:56:14.516+0000] {processor.py:841} WARNING - No viable dags retrieved from /opt/airflow/dags/outcome_dag.py
[2023-12-17T18:56:14.541+0000] {processor.py:179} INFO - Processing /opt/airflow/dags/outcome_dag.py took 2.765 seconds
[2023-12-17T18:56:45.066+0000] {processor.py:157} INFO - Started process (PID=110) to work on /opt/airflow/dags/outcome_dag.py
[2023-12-17T18:56:45.067+0000] {processor.py:829} INFO - Processing file /opt/airflow/dags/outcome_dag.py for tasks to queue
[2023-12-17T18:56:45.071+0000] {logging_mixin.py:154} INFO - [2023-12-17T18:56:45.070+0000] {dagbag.py:536} INFO - Filling up the DagBag from /opt/airflow/dags/outcome_dag.py
[2023-12-17T18:56:45.715+0000] {logging_mixin.py:154} INFO - [2023-12-17T18:56:45.713+0000] {dagbag.py:346} ERROR - Failed to import: /opt/airflow/dags/outcome_dag.py
Traceback (most recent call last):
  File "/home/airflow/.local/lib/python3.8/site-packages/airflow/models/dagbag.py", line 342, in parse
    loader.exec_module(new_module)
  File "<frozen importlib._bootstrap_external>", line 843, in exec_module
  File "<frozen importlib._bootstrap>", line 219, in _call_with_frames_removed
  File "/opt/airflow/dags/outcome_dag.py", line 38, in <module>
    extract >> transform >> load >> sptransform
NameError: name 'sptransform' is not defined
[2023-12-17T18:56:45.715+0000] {processor.py:841} WARNING - No viable dags retrieved from /opt/airflow/dags/outcome_dag.py
[2023-12-17T18:56:45.729+0000] {processor.py:179} INFO - Processing /opt/airflow/dags/outcome_dag.py took 0.666 seconds
[2023-12-17T18:57:16.488+0000] {processor.py:157} INFO - Started process (PID=170) to work on /opt/airflow/dags/outcome_dag.py
[2023-12-17T18:57:16.489+0000] {processor.py:829} INFO - Processing file /opt/airflow/dags/outcome_dag.py for tasks to queue
[2023-12-17T18:57:16.490+0000] {logging_mixin.py:154} INFO - [2023-12-17T18:57:16.490+0000] {dagbag.py:536} INFO - Filling up the DagBag from /opt/airflow/dags/outcome_dag.py
[2023-12-17T18:57:16.974+0000] {logging_mixin.py:154} INFO - [2023-12-17T18:57:16.973+0000] {dagbag.py:346} ERROR - Failed to import: /opt/airflow/dags/outcome_dag.py
Traceback (most recent call last):
  File "/home/airflow/.local/lib/python3.8/site-packages/airflow/models/dagbag.py", line 342, in parse
    loader.exec_module(new_module)
  File "<frozen importlib._bootstrap_external>", line 843, in exec_module
  File "<frozen importlib._bootstrap>", line 219, in _call_with_frames_removed
  File "/opt/airflow/dags/outcome_dag.py", line 38, in <module>
    extract >> transform >> load >> sptransform
NameError: name 'sptransform' is not defined
[2023-12-17T18:57:16.974+0000] {processor.py:841} WARNING - No viable dags retrieved from /opt/airflow/dags/outcome_dag.py
[2023-12-17T18:57:16.986+0000] {processor.py:179} INFO - Processing /opt/airflow/dags/outcome_dag.py took 0.500 seconds
[2023-12-17T18:57:31.035+0000] {processor.py:157} INFO - Started process (PID=215) to work on /opt/airflow/dags/outcome_dag.py
[2023-12-17T18:57:31.036+0000] {processor.py:829} INFO - Processing file /opt/airflow/dags/outcome_dag.py for tasks to queue
[2023-12-17T18:57:31.039+0000] {logging_mixin.py:154} INFO - [2023-12-17T18:57:31.039+0000] {dagbag.py:536} INFO - Filling up the DagBag from /opt/airflow/dags/outcome_dag.py
[2023-12-17T18:57:31.328+0000] {processor.py:839} INFO - DAG(s) dict_keys(['open_fda']) retrieved from /opt/airflow/dags/outcome_dag.py
[2023-12-17T18:57:31.372+0000] {logging_mixin.py:154} INFO - [2023-12-17T18:57:31.372+0000] {manager.py:499} INFO - Created Permission View: %s
[2023-12-17T18:57:31.376+0000] {logging_mixin.py:154} INFO - [2023-12-17T18:57:31.376+0000] {manager.py:499} INFO - Created Permission View: %s
[2023-12-17T18:57:31.378+0000] {logging_mixin.py:154} INFO - [2023-12-17T18:57:31.378+0000] {manager.py:499} INFO - Created Permission View: %s
[2023-12-17T18:57:31.378+0000] {logging_mixin.py:154} INFO - [2023-12-17T18:57:31.378+0000] {dag.py:2941} INFO - Sync 1 DAGs
[2023-12-17T18:57:31.382+0000] {logging_mixin.py:154} INFO - [2023-12-17T18:57:31.382+0000] {dag.py:2963} INFO - Creating ORM DAG for open_fda
[2023-12-17T18:57:31.387+0000] {logging_mixin.py:154} INFO - [2023-12-17T18:57:31.386+0000] {dag.py:3722} INFO - Setting next_dagrun for open_fda to 2023-12-17T00:00:00+00:00, run_after=2023-12-18T00:00:00+00:00
[2023-12-17T18:57:31.392+0000] {processor.py:179} INFO - Processing /opt/airflow/dags/outcome_dag.py took 0.363 seconds
[2023-12-17T18:58:43.220+0000] {processor.py:157} INFO - Started process (PID=48) to work on /opt/airflow/dags/outcome_dag.py
[2023-12-17T18:58:43.221+0000] {processor.py:829} INFO - Processing file /opt/airflow/dags/outcome_dag.py for tasks to queue
[2023-12-17T18:58:43.223+0000] {logging_mixin.py:154} INFO - [2023-12-17T18:58:43.223+0000] {dagbag.py:536} INFO - Filling up the DagBag from /opt/airflow/dags/outcome_dag.py
[2023-12-17T18:58:44.333+0000] {processor.py:839} INFO - DAG(s) dict_keys(['open_fda']) retrieved from /opt/airflow/dags/outcome_dag.py
[2023-12-17T18:58:44.393+0000] {logging_mixin.py:154} INFO - [2023-12-17T18:58:44.393+0000] {manager.py:499} INFO - Created Permission View: %s
[2023-12-17T18:58:44.397+0000] {logging_mixin.py:154} INFO - [2023-12-17T18:58:44.397+0000] {manager.py:499} INFO - Created Permission View: %s
[2023-12-17T18:58:44.399+0000] {logging_mixin.py:154} INFO - [2023-12-17T18:58:44.399+0000] {manager.py:499} INFO - Created Permission View: %s
[2023-12-17T18:58:44.399+0000] {logging_mixin.py:154} INFO - [2023-12-17T18:58:44.399+0000] {dag.py:2941} INFO - Sync 1 DAGs
[2023-12-17T18:58:44.405+0000] {logging_mixin.py:154} INFO - [2023-12-17T18:58:44.404+0000] {dag.py:2963} INFO - Creating ORM DAG for open_fda
[2023-12-17T18:58:44.409+0000] {logging_mixin.py:154} INFO - [2023-12-17T18:58:44.409+0000] {dag.py:3722} INFO - Setting next_dagrun for open_fda to 2023-12-17T00:00:00+00:00, run_after=2023-12-18T00:00:00+00:00
[2023-12-17T18:58:44.416+0000] {processor.py:179} INFO - Processing /opt/airflow/dags/outcome_dag.py took 1.199 seconds
[2023-12-17T18:59:14.974+0000] {processor.py:157} INFO - Started process (PID=108) to work on /opt/airflow/dags/outcome_dag.py
[2023-12-17T18:59:14.975+0000] {processor.py:829} INFO - Processing file /opt/airflow/dags/outcome_dag.py for tasks to queue
[2023-12-17T18:59:14.976+0000] {logging_mixin.py:154} INFO - [2023-12-17T18:59:14.976+0000] {dagbag.py:536} INFO - Filling up the DagBag from /opt/airflow/dags/outcome_dag.py
[2023-12-17T18:59:15.349+0000] {processor.py:839} INFO - DAG(s) dict_keys(['open_fda']) retrieved from /opt/airflow/dags/outcome_dag.py
[2023-12-17T18:59:15.362+0000] {logging_mixin.py:154} INFO - [2023-12-17T18:59:15.362+0000] {dag.py:2941} INFO - Sync 1 DAGs
[2023-12-17T18:59:15.373+0000] {logging_mixin.py:154} INFO - [2023-12-17T18:59:15.373+0000] {dag.py:3722} INFO - Setting next_dagrun for open_fda to 2023-12-17T00:00:00+00:00, run_after=2023-12-18T00:00:00+00:00
[2023-12-17T18:59:15.381+0000] {processor.py:179} INFO - Processing /opt/airflow/dags/outcome_dag.py took 0.410 seconds
[2023-12-17T18:59:45.574+0000] {processor.py:157} INFO - Started process (PID=169) to work on /opt/airflow/dags/outcome_dag.py
[2023-12-17T18:59:45.575+0000] {processor.py:829} INFO - Processing file /opt/airflow/dags/outcome_dag.py for tasks to queue
[2023-12-17T18:59:45.577+0000] {logging_mixin.py:154} INFO - [2023-12-17T18:59:45.577+0000] {dagbag.py:536} INFO - Filling up the DagBag from /opt/airflow/dags/outcome_dag.py
[2023-12-17T18:59:46.173+0000] {processor.py:839} INFO - DAG(s) dict_keys(['open_fda']) retrieved from /opt/airflow/dags/outcome_dag.py
[2023-12-17T18:59:46.187+0000] {logging_mixin.py:154} INFO - [2023-12-17T18:59:46.187+0000] {dag.py:2941} INFO - Sync 1 DAGs
[2023-12-17T18:59:46.200+0000] {logging_mixin.py:154} INFO - [2023-12-17T18:59:46.200+0000] {dag.py:3722} INFO - Setting next_dagrun for open_fda to 2023-12-17T00:00:00+00:00, run_after=2023-12-18T00:00:00+00:00
[2023-12-17T18:59:46.209+0000] {processor.py:179} INFO - Processing /opt/airflow/dags/outcome_dag.py took 0.636 seconds
[2023-12-17T19:00:16.328+0000] {processor.py:157} INFO - Started process (PID=231) to work on /opt/airflow/dags/outcome_dag.py
[2023-12-17T19:00:16.329+0000] {processor.py:829} INFO - Processing file /opt/airflow/dags/outcome_dag.py for tasks to queue
[2023-12-17T19:00:16.330+0000] {logging_mixin.py:154} INFO - [2023-12-17T19:00:16.330+0000] {dagbag.py:536} INFO - Filling up the DagBag from /opt/airflow/dags/outcome_dag.py
[2023-12-17T19:00:16.735+0000] {processor.py:839} INFO - DAG(s) dict_keys(['open_fda']) retrieved from /opt/airflow/dags/outcome_dag.py
[2023-12-17T19:00:16.745+0000] {logging_mixin.py:154} INFO - [2023-12-17T19:00:16.745+0000] {dag.py:2941} INFO - Sync 1 DAGs
[2023-12-17T19:00:16.754+0000] {logging_mixin.py:154} INFO - [2023-12-17T19:00:16.754+0000] {dag.py:3722} INFO - Setting next_dagrun for open_fda to 2023-12-17T00:00:00+00:00, run_after=2023-12-18T00:00:00+00:00
[2023-12-17T19:00:16.761+0000] {processor.py:179} INFO - Processing /opt/airflow/dags/outcome_dag.py took 0.435 seconds
[2023-12-17T19:00:47.544+0000] {processor.py:157} INFO - Started process (PID=287) to work on /opt/airflow/dags/outcome_dag.py
[2023-12-17T19:00:47.545+0000] {processor.py:829} INFO - Processing file /opt/airflow/dags/outcome_dag.py for tasks to queue
[2023-12-17T19:00:47.547+0000] {logging_mixin.py:154} INFO - [2023-12-17T19:00:47.547+0000] {dagbag.py:536} INFO - Filling up the DagBag from /opt/airflow/dags/outcome_dag.py
[2023-12-17T19:00:47.994+0000] {processor.py:839} INFO - DAG(s) dict_keys(['open_fda']) retrieved from /opt/airflow/dags/outcome_dag.py
[2023-12-17T19:00:48.005+0000] {logging_mixin.py:154} INFO - [2023-12-17T19:00:48.005+0000] {dag.py:2941} INFO - Sync 1 DAGs
[2023-12-17T19:00:48.015+0000] {logging_mixin.py:154} INFO - [2023-12-17T19:00:48.015+0000] {dag.py:3722} INFO - Setting next_dagrun for open_fda to 2023-12-17T00:00:00+00:00, run_after=2023-12-18T00:00:00+00:00
[2023-12-17T19:00:48.022+0000] {processor.py:179} INFO - Processing /opt/airflow/dags/outcome_dag.py took 0.480 seconds
[2023-12-17T19:01:18.667+0000] {processor.py:157} INFO - Started process (PID=343) to work on /opt/airflow/dags/outcome_dag.py
[2023-12-17T19:01:18.668+0000] {processor.py:829} INFO - Processing file /opt/airflow/dags/outcome_dag.py for tasks to queue
[2023-12-17T19:01:18.671+0000] {logging_mixin.py:154} INFO - [2023-12-17T19:01:18.670+0000] {dagbag.py:536} INFO - Filling up the DagBag from /opt/airflow/dags/outcome_dag.py
[2023-12-17T19:01:18.992+0000] {processor.py:839} INFO - DAG(s) dict_keys(['open_fda']) retrieved from /opt/airflow/dags/outcome_dag.py
[2023-12-17T19:01:19.002+0000] {logging_mixin.py:154} INFO - [2023-12-17T19:01:19.002+0000] {dag.py:2941} INFO - Sync 1 DAGs
[2023-12-17T19:01:19.013+0000] {logging_mixin.py:154} INFO - [2023-12-17T19:01:19.013+0000] {dag.py:3722} INFO - Setting next_dagrun for open_fda to 2023-12-17T00:00:00+00:00, run_after=2023-12-18T00:00:00+00:00
[2023-12-17T19:01:19.019+0000] {processor.py:179} INFO - Processing /opt/airflow/dags/outcome_dag.py took 0.357 seconds
[2023-12-17T19:01:49.556+0000] {processor.py:157} INFO - Started process (PID=399) to work on /opt/airflow/dags/outcome_dag.py
[2023-12-17T19:01:49.559+0000] {processor.py:829} INFO - Processing file /opt/airflow/dags/outcome_dag.py for tasks to queue
[2023-12-17T19:01:49.563+0000] {logging_mixin.py:154} INFO - [2023-12-17T19:01:49.563+0000] {dagbag.py:536} INFO - Filling up the DagBag from /opt/airflow/dags/outcome_dag.py
[2023-12-17T19:01:50.064+0000] {processor.py:839} INFO - DAG(s) dict_keys(['open_fda']) retrieved from /opt/airflow/dags/outcome_dag.py
[2023-12-17T19:01:50.075+0000] {logging_mixin.py:154} INFO - [2023-12-17T19:01:50.074+0000] {dag.py:2941} INFO - Sync 1 DAGs
[2023-12-17T19:01:50.083+0000] {logging_mixin.py:154} INFO - [2023-12-17T19:01:50.083+0000] {dag.py:3722} INFO - Setting next_dagrun for open_fda to 2023-12-17T00:00:00+00:00, run_after=2023-12-18T00:00:00+00:00
[2023-12-17T19:01:50.091+0000] {processor.py:179} INFO - Processing /opt/airflow/dags/outcome_dag.py took 0.542 seconds
[2023-12-17T19:02:20.871+0000] {processor.py:157} INFO - Started process (PID=456) to work on /opt/airflow/dags/outcome_dag.py
[2023-12-17T19:02:20.872+0000] {processor.py:829} INFO - Processing file /opt/airflow/dags/outcome_dag.py for tasks to queue
[2023-12-17T19:02:20.874+0000] {logging_mixin.py:154} INFO - [2023-12-17T19:02:20.874+0000] {dagbag.py:536} INFO - Filling up the DagBag from /opt/airflow/dags/outcome_dag.py
[2023-12-17T19:02:21.321+0000] {processor.py:839} INFO - DAG(s) dict_keys(['open_fda']) retrieved from /opt/airflow/dags/outcome_dag.py
[2023-12-17T19:02:21.336+0000] {logging_mixin.py:154} INFO - [2023-12-17T19:02:21.335+0000] {dag.py:2941} INFO - Sync 1 DAGs
[2023-12-17T19:02:21.346+0000] {logging_mixin.py:154} INFO - [2023-12-17T19:02:21.346+0000] {dag.py:3722} INFO - Setting next_dagrun for open_fda to 2023-12-17T00:00:00+00:00, run_after=2023-12-18T00:00:00+00:00
[2023-12-17T19:02:21.353+0000] {processor.py:179} INFO - Processing /opt/airflow/dags/outcome_dag.py took 0.485 seconds
[2023-12-17T19:02:52.127+0000] {processor.py:157} INFO - Started process (PID=512) to work on /opt/airflow/dags/outcome_dag.py
[2023-12-17T19:02:52.129+0000] {processor.py:829} INFO - Processing file /opt/airflow/dags/outcome_dag.py for tasks to queue
[2023-12-17T19:02:52.132+0000] {logging_mixin.py:154} INFO - [2023-12-17T19:02:52.131+0000] {dagbag.py:536} INFO - Filling up the DagBag from /opt/airflow/dags/outcome_dag.py
[2023-12-17T19:02:52.495+0000] {processor.py:839} INFO - DAG(s) dict_keys(['open_fda']) retrieved from /opt/airflow/dags/outcome_dag.py
[2023-12-17T19:02:52.506+0000] {logging_mixin.py:154} INFO - [2023-12-17T19:02:52.506+0000] {dag.py:2941} INFO - Sync 1 DAGs
[2023-12-17T19:02:52.515+0000] {logging_mixin.py:154} INFO - [2023-12-17T19:02:52.515+0000] {dag.py:3722} INFO - Setting next_dagrun for open_fda to 2023-12-17T00:00:00+00:00, run_after=2023-12-18T00:00:00+00:00
[2023-12-17T19:02:52.522+0000] {processor.py:179} INFO - Processing /opt/airflow/dags/outcome_dag.py took 0.400 seconds
[2023-12-17T19:04:47.970+0000] {processor.py:157} INFO - Started process (PID=47) to work on /opt/airflow/dags/outcome_dag.py
[2023-12-17T19:04:47.978+0000] {processor.py:829} INFO - Processing file /opt/airflow/dags/outcome_dag.py for tasks to queue
[2023-12-17T19:04:47.991+0000] {logging_mixin.py:154} INFO - [2023-12-17T19:04:47.991+0000] {dagbag.py:536} INFO - Filling up the DagBag from /opt/airflow/dags/outcome_dag.py
[2023-12-17T19:04:49.194+0000] {processor.py:839} INFO - DAG(s) dict_keys(['open_fda']) retrieved from /opt/airflow/dags/outcome_dag.py
[2023-12-17T19:04:49.276+0000] {logging_mixin.py:154} INFO - [2023-12-17T19:04:49.276+0000] {manager.py:499} INFO - Created Permission View: %s
[2023-12-17T19:04:49.280+0000] {logging_mixin.py:154} INFO - [2023-12-17T19:04:49.280+0000] {manager.py:499} INFO - Created Permission View: %s
[2023-12-17T19:04:49.282+0000] {logging_mixin.py:154} INFO - [2023-12-17T19:04:49.282+0000] {manager.py:499} INFO - Created Permission View: %s
[2023-12-17T19:04:49.282+0000] {logging_mixin.py:154} INFO - [2023-12-17T19:04:49.282+0000] {dag.py:2941} INFO - Sync 1 DAGs
[2023-12-17T19:04:49.287+0000] {logging_mixin.py:154} INFO - [2023-12-17T19:04:49.287+0000] {dag.py:2963} INFO - Creating ORM DAG for open_fda
[2023-12-17T19:04:49.292+0000] {logging_mixin.py:154} INFO - [2023-12-17T19:04:49.291+0000] {dag.py:3722} INFO - Setting next_dagrun for open_fda to 2023-12-17T00:00:00+00:00, run_after=2023-12-18T00:00:00+00:00
[2023-12-17T19:04:49.297+0000] {processor.py:179} INFO - Processing /opt/airflow/dags/outcome_dag.py took 1.330 seconds
[2023-12-17T19:05:19.821+0000] {processor.py:157} INFO - Started process (PID=104) to work on /opt/airflow/dags/outcome_dag.py
[2023-12-17T19:05:19.822+0000] {processor.py:829} INFO - Processing file /opt/airflow/dags/outcome_dag.py for tasks to queue
[2023-12-17T19:05:19.825+0000] {logging_mixin.py:154} INFO - [2023-12-17T19:05:19.825+0000] {dagbag.py:536} INFO - Filling up the DagBag from /opt/airflow/dags/outcome_dag.py
[2023-12-17T19:05:20.214+0000] {processor.py:839} INFO - DAG(s) dict_keys(['open_fda']) retrieved from /opt/airflow/dags/outcome_dag.py
[2023-12-17T19:05:20.224+0000] {logging_mixin.py:154} INFO - [2023-12-17T19:05:20.224+0000] {dag.py:2941} INFO - Sync 1 DAGs
[2023-12-17T19:05:20.234+0000] {logging_mixin.py:154} INFO - [2023-12-17T19:05:20.233+0000] {dag.py:3722} INFO - Setting next_dagrun for open_fda to 2023-12-17T00:00:00+00:00, run_after=2023-12-18T00:00:00+00:00
[2023-12-17T19:05:20.241+0000] {processor.py:179} INFO - Processing /opt/airflow/dags/outcome_dag.py took 0.425 seconds
[2023-12-17T19:05:50.717+0000] {processor.py:157} INFO - Started process (PID=160) to work on /opt/airflow/dags/outcome_dag.py
[2023-12-17T19:05:50.718+0000] {processor.py:829} INFO - Processing file /opt/airflow/dags/outcome_dag.py for tasks to queue
[2023-12-17T19:05:50.721+0000] {logging_mixin.py:154} INFO - [2023-12-17T19:05:50.721+0000] {dagbag.py:536} INFO - Filling up the DagBag from /opt/airflow/dags/outcome_dag.py
[2023-12-17T19:05:51.100+0000] {processor.py:839} INFO - DAG(s) dict_keys(['open_fda']) retrieved from /opt/airflow/dags/outcome_dag.py
[2023-12-17T19:05:51.111+0000] {logging_mixin.py:154} INFO - [2023-12-17T19:05:51.110+0000] {dag.py:2941} INFO - Sync 1 DAGs
[2023-12-17T19:05:51.120+0000] {logging_mixin.py:154} INFO - [2023-12-17T19:05:51.120+0000] {dag.py:3722} INFO - Setting next_dagrun for open_fda to 2023-12-17T00:00:00+00:00, run_after=2023-12-18T00:00:00+00:00
[2023-12-17T19:05:51.128+0000] {processor.py:179} INFO - Processing /opt/airflow/dags/outcome_dag.py took 0.416 seconds
[2023-12-17T19:06:21.821+0000] {processor.py:157} INFO - Started process (PID=215) to work on /opt/airflow/dags/outcome_dag.py
[2023-12-17T19:06:21.822+0000] {processor.py:829} INFO - Processing file /opt/airflow/dags/outcome_dag.py for tasks to queue
[2023-12-17T19:06:21.825+0000] {logging_mixin.py:154} INFO - [2023-12-17T19:06:21.824+0000] {dagbag.py:536} INFO - Filling up the DagBag from /opt/airflow/dags/outcome_dag.py
[2023-12-17T19:06:22.145+0000] {processor.py:839} INFO - DAG(s) dict_keys(['open_fda']) retrieved from /opt/airflow/dags/outcome_dag.py
[2023-12-17T19:06:22.157+0000] {logging_mixin.py:154} INFO - [2023-12-17T19:06:22.157+0000] {dag.py:2941} INFO - Sync 1 DAGs
[2023-12-17T19:06:22.167+0000] {logging_mixin.py:154} INFO - [2023-12-17T19:06:22.167+0000] {dag.py:3722} INFO - Setting next_dagrun for open_fda to 2023-12-17T00:00:00+00:00, run_after=2023-12-18T00:00:00+00:00
[2023-12-17T19:06:22.173+0000] {processor.py:179} INFO - Processing /opt/airflow/dags/outcome_dag.py took 0.357 seconds
[2023-12-17T19:06:52.771+0000] {processor.py:157} INFO - Started process (PID=271) to work on /opt/airflow/dags/outcome_dag.py
[2023-12-17T19:06:52.773+0000] {processor.py:829} INFO - Processing file /opt/airflow/dags/outcome_dag.py for tasks to queue
[2023-12-17T19:06:52.776+0000] {logging_mixin.py:154} INFO - [2023-12-17T19:06:52.775+0000] {dagbag.py:536} INFO - Filling up the DagBag from /opt/airflow/dags/outcome_dag.py
[2023-12-17T19:06:53.090+0000] {processor.py:839} INFO - DAG(s) dict_keys(['open_fda']) retrieved from /opt/airflow/dags/outcome_dag.py
[2023-12-17T19:06:53.100+0000] {logging_mixin.py:154} INFO - [2023-12-17T19:06:53.100+0000] {dag.py:2941} INFO - Sync 1 DAGs
[2023-12-17T19:06:53.110+0000] {logging_mixin.py:154} INFO - [2023-12-17T19:06:53.109+0000] {dag.py:3722} INFO - Setting next_dagrun for open_fda to 2023-12-17T00:00:00+00:00, run_after=2023-12-18T00:00:00+00:00
[2023-12-17T19:06:53.117+0000] {processor.py:179} INFO - Processing /opt/airflow/dags/outcome_dag.py took 0.351 seconds
[2023-12-17T19:07:23.613+0000] {processor.py:157} INFO - Started process (PID=327) to work on /opt/airflow/dags/outcome_dag.py
[2023-12-17T19:07:23.615+0000] {processor.py:829} INFO - Processing file /opt/airflow/dags/outcome_dag.py for tasks to queue
[2023-12-17T19:07:23.620+0000] {logging_mixin.py:154} INFO - [2023-12-17T19:07:23.619+0000] {dagbag.py:536} INFO - Filling up the DagBag from /opt/airflow/dags/outcome_dag.py
[2023-12-17T19:07:24.015+0000] {processor.py:839} INFO - DAG(s) dict_keys(['open_fda']) retrieved from /opt/airflow/dags/outcome_dag.py
[2023-12-17T19:07:24.033+0000] {logging_mixin.py:154} INFO - [2023-12-17T19:07:24.032+0000] {dag.py:2941} INFO - Sync 1 DAGs
[2023-12-17T19:07:24.061+0000] {logging_mixin.py:154} INFO - [2023-12-17T19:07:24.061+0000] {dag.py:3722} INFO - Setting next_dagrun for open_fda to 2023-12-17T00:00:00+00:00, run_after=2023-12-18T00:00:00+00:00
[2023-12-17T19:07:24.072+0000] {processor.py:179} INFO - Processing /opt/airflow/dags/outcome_dag.py took 0.467 seconds
[2023-12-17T19:07:54.989+0000] {processor.py:157} INFO - Started process (PID=388) to work on /opt/airflow/dags/outcome_dag.py
[2023-12-17T19:07:54.990+0000] {processor.py:829} INFO - Processing file /opt/airflow/dags/outcome_dag.py for tasks to queue
[2023-12-17T19:07:54.992+0000] {logging_mixin.py:154} INFO - [2023-12-17T19:07:54.992+0000] {dagbag.py:536} INFO - Filling up the DagBag from /opt/airflow/dags/outcome_dag.py
[2023-12-17T19:07:55.449+0000] {processor.py:839} INFO - DAG(s) dict_keys(['open_fda']) retrieved from /opt/airflow/dags/outcome_dag.py
[2023-12-17T19:07:55.461+0000] {logging_mixin.py:154} INFO - [2023-12-17T19:07:55.461+0000] {dag.py:2941} INFO - Sync 1 DAGs
[2023-12-17T19:07:55.471+0000] {logging_mixin.py:154} INFO - [2023-12-17T19:07:55.471+0000] {dag.py:3722} INFO - Setting next_dagrun for open_fda to 2023-12-17T00:00:00+00:00, run_after=2023-12-18T00:00:00+00:00
[2023-12-17T19:07:55.478+0000] {processor.py:179} INFO - Processing /opt/airflow/dags/outcome_dag.py took 0.492 seconds
[2023-12-17T19:08:26.188+0000] {processor.py:157} INFO - Started process (PID=446) to work on /opt/airflow/dags/outcome_dag.py
[2023-12-17T19:08:26.189+0000] {processor.py:829} INFO - Processing file /opt/airflow/dags/outcome_dag.py for tasks to queue
[2023-12-17T19:08:26.192+0000] {logging_mixin.py:154} INFO - [2023-12-17T19:08:26.192+0000] {dagbag.py:536} INFO - Filling up the DagBag from /opt/airflow/dags/outcome_dag.py
[2023-12-17T19:08:26.696+0000] {processor.py:839} INFO - DAG(s) dict_keys(['open_fda']) retrieved from /opt/airflow/dags/outcome_dag.py
[2023-12-17T19:08:26.707+0000] {logging_mixin.py:154} INFO - [2023-12-17T19:08:26.707+0000] {dag.py:2941} INFO - Sync 1 DAGs
[2023-12-17T19:08:26.717+0000] {logging_mixin.py:154} INFO - [2023-12-17T19:08:26.717+0000] {dag.py:3722} INFO - Setting next_dagrun for open_fda to 2023-12-17T00:00:00+00:00, run_after=2023-12-18T00:00:00+00:00
[2023-12-17T19:08:26.725+0000] {processor.py:179} INFO - Processing /opt/airflow/dags/outcome_dag.py took 0.539 seconds
[2023-12-17T19:08:57.554+0000] {processor.py:157} INFO - Started process (PID=505) to work on /opt/airflow/dags/outcome_dag.py
[2023-12-17T19:08:57.555+0000] {processor.py:829} INFO - Processing file /opt/airflow/dags/outcome_dag.py for tasks to queue
[2023-12-17T19:08:57.559+0000] {logging_mixin.py:154} INFO - [2023-12-17T19:08:57.558+0000] {dagbag.py:536} INFO - Filling up the DagBag from /opt/airflow/dags/outcome_dag.py
[2023-12-17T19:08:57.942+0000] {processor.py:839} INFO - DAG(s) dict_keys(['open_fda']) retrieved from /opt/airflow/dags/outcome_dag.py
[2023-12-17T19:08:57.960+0000] {logging_mixin.py:154} INFO - [2023-12-17T19:08:57.960+0000] {dag.py:2941} INFO - Sync 1 DAGs
[2023-12-17T19:08:57.973+0000] {logging_mixin.py:154} INFO - [2023-12-17T19:08:57.973+0000] {dag.py:3722} INFO - Setting next_dagrun for open_fda to 2023-12-17T00:00:00+00:00, run_after=2023-12-18T00:00:00+00:00
[2023-12-17T19:08:57.981+0000] {processor.py:179} INFO - Processing /opt/airflow/dags/outcome_dag.py took 0.433 seconds
[2023-12-17T19:15:38.400+0000] {processor.py:157} INFO - Started process (PID=47) to work on /opt/airflow/dags/outcome_dag.py
[2023-12-17T19:15:38.401+0000] {processor.py:829} INFO - Processing file /opt/airflow/dags/outcome_dag.py for tasks to queue
[2023-12-17T19:15:38.405+0000] {logging_mixin.py:154} INFO - [2023-12-17T19:15:38.405+0000] {dagbag.py:536} INFO - Filling up the DagBag from /opt/airflow/dags/outcome_dag.py
[2023-12-17T19:15:41.037+0000] {processor.py:839} INFO - DAG(s) dict_keys(['open_fda']) retrieved from /opt/airflow/dags/outcome_dag.py
[2023-12-17T19:15:41.120+0000] {logging_mixin.py:154} INFO - [2023-12-17T19:15:41.120+0000] {manager.py:499} INFO - Created Permission View: %s
[2023-12-17T19:15:41.127+0000] {logging_mixin.py:154} INFO - [2023-12-17T19:15:41.127+0000] {manager.py:499} INFO - Created Permission View: %s
[2023-12-17T19:15:41.144+0000] {logging_mixin.py:154} INFO - [2023-12-17T19:15:41.144+0000] {manager.py:499} INFO - Created Permission View: %s
[2023-12-17T19:15:41.144+0000] {logging_mixin.py:154} INFO - [2023-12-17T19:15:41.144+0000] {dag.py:2941} INFO - Sync 1 DAGs
[2023-12-17T19:15:41.158+0000] {logging_mixin.py:154} INFO - [2023-12-17T19:15:41.158+0000] {dag.py:2963} INFO - Creating ORM DAG for open_fda
[2023-12-17T19:15:41.170+0000] {logging_mixin.py:154} INFO - [2023-12-17T19:15:41.170+0000] {dag.py:3722} INFO - Setting next_dagrun for open_fda to 2023-12-17T00:00:00+00:00, run_after=2023-12-18T00:00:00+00:00
[2023-12-17T19:15:41.181+0000] {processor.py:179} INFO - Processing /opt/airflow/dags/outcome_dag.py took 2.786 seconds
[2023-12-17T19:16:11.804+0000] {processor.py:157} INFO - Started process (PID=109) to work on /opt/airflow/dags/outcome_dag.py
[2023-12-17T19:16:11.805+0000] {processor.py:829} INFO - Processing file /opt/airflow/dags/outcome_dag.py for tasks to queue
[2023-12-17T19:16:11.808+0000] {logging_mixin.py:154} INFO - [2023-12-17T19:16:11.808+0000] {dagbag.py:536} INFO - Filling up the DagBag from /opt/airflow/dags/outcome_dag.py
[2023-12-17T19:16:12.132+0000] {processor.py:839} INFO - DAG(s) dict_keys(['open_fda']) retrieved from /opt/airflow/dags/outcome_dag.py
[2023-12-17T19:16:12.141+0000] {logging_mixin.py:154} INFO - [2023-12-17T19:16:12.141+0000] {dag.py:2941} INFO - Sync 1 DAGs
[2023-12-17T19:16:12.150+0000] {logging_mixin.py:154} INFO - [2023-12-17T19:16:12.150+0000] {dag.py:3722} INFO - Setting next_dagrun for open_fda to 2023-12-17T00:00:00+00:00, run_after=2023-12-18T00:00:00+00:00
[2023-12-17T19:16:12.157+0000] {processor.py:179} INFO - Processing /opt/airflow/dags/outcome_dag.py took 0.357 seconds
[2023-12-17T19:16:42.655+0000] {processor.py:157} INFO - Started process (PID=165) to work on /opt/airflow/dags/outcome_dag.py
[2023-12-17T19:16:42.657+0000] {processor.py:829} INFO - Processing file /opt/airflow/dags/outcome_dag.py for tasks to queue
[2023-12-17T19:16:42.660+0000] {logging_mixin.py:154} INFO - [2023-12-17T19:16:42.659+0000] {dagbag.py:536} INFO - Filling up the DagBag from /opt/airflow/dags/outcome_dag.py
[2023-12-17T19:16:43.025+0000] {processor.py:839} INFO - DAG(s) dict_keys(['open_fda']) retrieved from /opt/airflow/dags/outcome_dag.py
[2023-12-17T19:16:43.036+0000] {logging_mixin.py:154} INFO - [2023-12-17T19:16:43.036+0000] {dag.py:2941} INFO - Sync 1 DAGs
[2023-12-17T19:16:43.045+0000] {logging_mixin.py:154} INFO - [2023-12-17T19:16:43.045+0000] {dag.py:3722} INFO - Setting next_dagrun for open_fda to 2023-12-17T00:00:00+00:00, run_after=2023-12-18T00:00:00+00:00
[2023-12-17T19:16:43.051+0000] {processor.py:179} INFO - Processing /opt/airflow/dags/outcome_dag.py took 0.401 seconds
[2023-12-17T19:17:13.442+0000] {processor.py:157} INFO - Started process (PID=221) to work on /opt/airflow/dags/outcome_dag.py
[2023-12-17T19:17:13.443+0000] {processor.py:829} INFO - Processing file /opt/airflow/dags/outcome_dag.py for tasks to queue
[2023-12-17T19:17:13.444+0000] {logging_mixin.py:154} INFO - [2023-12-17T19:17:13.444+0000] {dagbag.py:536} INFO - Filling up the DagBag from /opt/airflow/dags/outcome_dag.py
[2023-12-17T19:17:13.755+0000] {processor.py:839} INFO - DAG(s) dict_keys(['open_fda']) retrieved from /opt/airflow/dags/outcome_dag.py
[2023-12-17T19:17:13.765+0000] {logging_mixin.py:154} INFO - [2023-12-17T19:17:13.765+0000] {dag.py:2941} INFO - Sync 1 DAGs
[2023-12-17T19:17:13.774+0000] {logging_mixin.py:154} INFO - [2023-12-17T19:17:13.774+0000] {dag.py:3722} INFO - Setting next_dagrun for open_fda to 2023-12-17T00:00:00+00:00, run_after=2023-12-18T00:00:00+00:00
[2023-12-17T19:17:13.780+0000] {processor.py:179} INFO - Processing /opt/airflow/dags/outcome_dag.py took 0.341 seconds
[2023-12-17T19:17:44.273+0000] {processor.py:157} INFO - Started process (PID=277) to work on /opt/airflow/dags/outcome_dag.py
[2023-12-17T19:17:44.274+0000] {processor.py:829} INFO - Processing file /opt/airflow/dags/outcome_dag.py for tasks to queue
[2023-12-17T19:17:44.277+0000] {logging_mixin.py:154} INFO - [2023-12-17T19:17:44.277+0000] {dagbag.py:536} INFO - Filling up the DagBag from /opt/airflow/dags/outcome_dag.py
[2023-12-17T19:17:44.580+0000] {processor.py:839} INFO - DAG(s) dict_keys(['open_fda']) retrieved from /opt/airflow/dags/outcome_dag.py
[2023-12-17T19:17:44.589+0000] {logging_mixin.py:154} INFO - [2023-12-17T19:17:44.589+0000] {dag.py:2941} INFO - Sync 1 DAGs
[2023-12-17T19:17:44.599+0000] {logging_mixin.py:154} INFO - [2023-12-17T19:17:44.599+0000] {dag.py:3722} INFO - Setting next_dagrun for open_fda to 2023-12-17T00:00:00+00:00, run_after=2023-12-18T00:00:00+00:00
[2023-12-17T19:17:44.605+0000] {processor.py:179} INFO - Processing /opt/airflow/dags/outcome_dag.py took 0.336 seconds
[2023-12-17T19:18:15.109+0000] {processor.py:157} INFO - Started process (PID=333) to work on /opt/airflow/dags/outcome_dag.py
[2023-12-17T19:18:15.111+0000] {processor.py:829} INFO - Processing file /opt/airflow/dags/outcome_dag.py for tasks to queue
[2023-12-17T19:18:15.113+0000] {logging_mixin.py:154} INFO - [2023-12-17T19:18:15.112+0000] {dagbag.py:536} INFO - Filling up the DagBag from /opt/airflow/dags/outcome_dag.py
[2023-12-17T19:18:15.606+0000] {processor.py:839} INFO - DAG(s) dict_keys(['open_fda']) retrieved from /opt/airflow/dags/outcome_dag.py
[2023-12-17T19:18:15.617+0000] {logging_mixin.py:154} INFO - [2023-12-17T19:18:15.616+0000] {dag.py:2941} INFO - Sync 1 DAGs
[2023-12-17T19:18:15.626+0000] {logging_mixin.py:154} INFO - [2023-12-17T19:18:15.626+0000] {dag.py:3722} INFO - Setting next_dagrun for open_fda to 2023-12-17T00:00:00+00:00, run_after=2023-12-18T00:00:00+00:00
[2023-12-17T19:18:15.633+0000] {processor.py:179} INFO - Processing /opt/airflow/dags/outcome_dag.py took 0.527 seconds
[2023-12-17T19:18:46.061+0000] {processor.py:157} INFO - Started process (PID=389) to work on /opt/airflow/dags/outcome_dag.py
[2023-12-17T19:18:46.062+0000] {processor.py:829} INFO - Processing file /opt/airflow/dags/outcome_dag.py for tasks to queue
[2023-12-17T19:18:46.065+0000] {logging_mixin.py:154} INFO - [2023-12-17T19:18:46.065+0000] {dagbag.py:536} INFO - Filling up the DagBag from /opt/airflow/dags/outcome_dag.py
[2023-12-17T19:18:46.525+0000] {processor.py:839} INFO - DAG(s) dict_keys(['open_fda']) retrieved from /opt/airflow/dags/outcome_dag.py
[2023-12-17T19:18:46.554+0000] {logging_mixin.py:154} INFO - [2023-12-17T19:18:46.554+0000] {dag.py:2941} INFO - Sync 1 DAGs
[2023-12-17T19:18:46.567+0000] {logging_mixin.py:154} INFO - [2023-12-17T19:18:46.567+0000] {dag.py:3722} INFO - Setting next_dagrun for open_fda to 2023-12-17T00:00:00+00:00, run_after=2023-12-18T00:00:00+00:00
[2023-12-17T19:18:46.576+0000] {processor.py:179} INFO - Processing /opt/airflow/dags/outcome_dag.py took 0.520 seconds
[2023-12-17T19:19:17.256+0000] {processor.py:157} INFO - Started process (PID=447) to work on /opt/airflow/dags/outcome_dag.py
[2023-12-17T19:19:17.257+0000] {processor.py:829} INFO - Processing file /opt/airflow/dags/outcome_dag.py for tasks to queue
[2023-12-17T19:19:17.260+0000] {logging_mixin.py:154} INFO - [2023-12-17T19:19:17.260+0000] {dagbag.py:536} INFO - Filling up the DagBag from /opt/airflow/dags/outcome_dag.py
[2023-12-17T19:19:17.587+0000] {processor.py:839} INFO - DAG(s) dict_keys(['open_fda']) retrieved from /opt/airflow/dags/outcome_dag.py
[2023-12-17T19:19:17.598+0000] {logging_mixin.py:154} INFO - [2023-12-17T19:19:17.598+0000] {dag.py:2941} INFO - Sync 1 DAGs
[2023-12-17T19:19:17.607+0000] {logging_mixin.py:154} INFO - [2023-12-17T19:19:17.606+0000] {dag.py:3722} INFO - Setting next_dagrun for open_fda to 2023-12-17T00:00:00+00:00, run_after=2023-12-18T00:00:00+00:00
[2023-12-17T19:19:17.613+0000] {processor.py:179} INFO - Processing /opt/airflow/dags/outcome_dag.py took 0.362 seconds
[2023-12-17T19:19:47.655+0000] {processor.py:157} INFO - Started process (PID=508) to work on /opt/airflow/dags/outcome_dag.py
[2023-12-17T19:19:47.655+0000] {processor.py:829} INFO - Processing file /opt/airflow/dags/outcome_dag.py for tasks to queue
[2023-12-17T19:19:47.656+0000] {logging_mixin.py:154} INFO - [2023-12-17T19:19:47.656+0000] {dagbag.py:536} INFO - Filling up the DagBag from /opt/airflow/dags/outcome_dag.py
[2023-12-17T19:19:47.951+0000] {processor.py:839} INFO - DAG(s) dict_keys(['open_fda']) retrieved from /opt/airflow/dags/outcome_dag.py
[2023-12-17T19:19:47.961+0000] {logging_mixin.py:154} INFO - [2023-12-17T19:19:47.961+0000] {dag.py:2941} INFO - Sync 1 DAGs
[2023-12-17T19:19:47.970+0000] {logging_mixin.py:154} INFO - [2023-12-17T19:19:47.970+0000] {dag.py:3722} INFO - Setting next_dagrun for open_fda to 2023-12-17T00:00:00+00:00, run_after=2023-12-18T00:00:00+00:00
[2023-12-17T19:19:47.976+0000] {processor.py:179} INFO - Processing /opt/airflow/dags/outcome_dag.py took 0.323 seconds
[2023-12-17T19:20:18.808+0000] {processor.py:157} INFO - Started process (PID=564) to work on /opt/airflow/dags/outcome_dag.py
[2023-12-17T19:20:18.810+0000] {processor.py:829} INFO - Processing file /opt/airflow/dags/outcome_dag.py for tasks to queue
[2023-12-17T19:20:18.812+0000] {logging_mixin.py:154} INFO - [2023-12-17T19:20:18.812+0000] {dagbag.py:536} INFO - Filling up the DagBag from /opt/airflow/dags/outcome_dag.py
[2023-12-17T19:20:19.129+0000] {processor.py:839} INFO - DAG(s) dict_keys(['open_fda']) retrieved from /opt/airflow/dags/outcome_dag.py
[2023-12-17T19:20:19.139+0000] {logging_mixin.py:154} INFO - [2023-12-17T19:20:19.138+0000] {dag.py:2941} INFO - Sync 1 DAGs
[2023-12-17T19:20:19.149+0000] {logging_mixin.py:154} INFO - [2023-12-17T19:20:19.149+0000] {dag.py:3722} INFO - Setting next_dagrun for open_fda to 2023-12-17T00:00:00+00:00, run_after=2023-12-18T00:00:00+00:00
[2023-12-17T19:20:19.155+0000] {processor.py:179} INFO - Processing /opt/airflow/dags/outcome_dag.py took 0.352 seconds
[2023-12-17T19:20:49.979+0000] {processor.py:157} INFO - Started process (PID=619) to work on /opt/airflow/dags/outcome_dag.py
[2023-12-17T19:20:49.980+0000] {processor.py:829} INFO - Processing file /opt/airflow/dags/outcome_dag.py for tasks to queue
[2023-12-17T19:20:49.983+0000] {logging_mixin.py:154} INFO - [2023-12-17T19:20:49.983+0000] {dagbag.py:536} INFO - Filling up the DagBag from /opt/airflow/dags/outcome_dag.py
[2023-12-17T19:20:50.332+0000] {processor.py:839} INFO - DAG(s) dict_keys(['open_fda']) retrieved from /opt/airflow/dags/outcome_dag.py
[2023-12-17T19:20:50.343+0000] {logging_mixin.py:154} INFO - [2023-12-17T19:20:50.342+0000] {dag.py:2941} INFO - Sync 1 DAGs
[2023-12-17T19:20:50.352+0000] {logging_mixin.py:154} INFO - [2023-12-17T19:20:50.352+0000] {dag.py:3722} INFO - Setting next_dagrun for open_fda to 2023-12-17T00:00:00+00:00, run_after=2023-12-18T00:00:00+00:00
[2023-12-17T19:20:50.359+0000] {processor.py:179} INFO - Processing /opt/airflow/dags/outcome_dag.py took 0.385 seconds
[2023-12-17T19:21:21.076+0000] {processor.py:157} INFO - Started process (PID=676) to work on /opt/airflow/dags/outcome_dag.py
[2023-12-17T19:21:21.077+0000] {processor.py:829} INFO - Processing file /opt/airflow/dags/outcome_dag.py for tasks to queue
[2023-12-17T19:21:21.079+0000] {logging_mixin.py:154} INFO - [2023-12-17T19:21:21.079+0000] {dagbag.py:536} INFO - Filling up the DagBag from /opt/airflow/dags/outcome_dag.py
[2023-12-17T19:21:21.379+0000] {processor.py:839} INFO - DAG(s) dict_keys(['open_fda']) retrieved from /opt/airflow/dags/outcome_dag.py
[2023-12-17T19:21:21.389+0000] {logging_mixin.py:154} INFO - [2023-12-17T19:21:21.389+0000] {dag.py:2941} INFO - Sync 1 DAGs
[2023-12-17T19:21:21.398+0000] {logging_mixin.py:154} INFO - [2023-12-17T19:21:21.398+0000] {dag.py:3722} INFO - Setting next_dagrun for open_fda to 2023-12-17T00:00:00+00:00, run_after=2023-12-18T00:00:00+00:00
[2023-12-17T19:21:21.405+0000] {processor.py:179} INFO - Processing /opt/airflow/dags/outcome_dag.py took 0.331 seconds
[2023-12-17T19:21:52.243+0000] {processor.py:157} INFO - Started process (PID=738) to work on /opt/airflow/dags/outcome_dag.py
[2023-12-17T19:21:52.244+0000] {processor.py:829} INFO - Processing file /opt/airflow/dags/outcome_dag.py for tasks to queue
[2023-12-17T19:21:52.246+0000] {logging_mixin.py:154} INFO - [2023-12-17T19:21:52.246+0000] {dagbag.py:536} INFO - Filling up the DagBag from /opt/airflow/dags/outcome_dag.py
[2023-12-17T19:21:52.549+0000] {processor.py:839} INFO - DAG(s) dict_keys(['open_fda']) retrieved from /opt/airflow/dags/outcome_dag.py
[2023-12-17T19:21:52.560+0000] {logging_mixin.py:154} INFO - [2023-12-17T19:21:52.560+0000] {dag.py:2941} INFO - Sync 1 DAGs
[2023-12-17T19:21:52.569+0000] {logging_mixin.py:154} INFO - [2023-12-17T19:21:52.569+0000] {dag.py:3722} INFO - Setting next_dagrun for open_fda to 2023-12-17T00:00:00+00:00, run_after=2023-12-18T00:00:00+00:00
[2023-12-17T19:21:52.576+0000] {processor.py:179} INFO - Processing /opt/airflow/dags/outcome_dag.py took 0.335 seconds
[2023-12-17T19:22:23.411+0000] {processor.py:157} INFO - Started process (PID=794) to work on /opt/airflow/dags/outcome_dag.py
[2023-12-17T19:22:23.413+0000] {processor.py:829} INFO - Processing file /opt/airflow/dags/outcome_dag.py for tasks to queue
[2023-12-17T19:22:23.416+0000] {logging_mixin.py:154} INFO - [2023-12-17T19:22:23.415+0000] {dagbag.py:536} INFO - Filling up the DagBag from /opt/airflow/dags/outcome_dag.py
[2023-12-17T19:22:23.730+0000] {processor.py:839} INFO - DAG(s) dict_keys(['open_fda']) retrieved from /opt/airflow/dags/outcome_dag.py
[2023-12-17T19:22:23.741+0000] {logging_mixin.py:154} INFO - [2023-12-17T19:22:23.741+0000] {dag.py:2941} INFO - Sync 1 DAGs
[2023-12-17T19:22:23.751+0000] {logging_mixin.py:154} INFO - [2023-12-17T19:22:23.751+0000] {dag.py:3722} INFO - Setting next_dagrun for open_fda to 2023-12-17T00:00:00+00:00, run_after=2023-12-18T00:00:00+00:00
[2023-12-17T19:22:23.758+0000] {processor.py:179} INFO - Processing /opt/airflow/dags/outcome_dag.py took 0.351 seconds
[2023-12-17T19:22:54.482+0000] {processor.py:157} INFO - Started process (PID=849) to work on /opt/airflow/dags/outcome_dag.py
[2023-12-17T19:22:54.483+0000] {processor.py:829} INFO - Processing file /opt/airflow/dags/outcome_dag.py for tasks to queue
[2023-12-17T19:22:54.486+0000] {logging_mixin.py:154} INFO - [2023-12-17T19:22:54.485+0000] {dagbag.py:536} INFO - Filling up the DagBag from /opt/airflow/dags/outcome_dag.py
[2023-12-17T19:22:54.790+0000] {processor.py:839} INFO - DAG(s) dict_keys(['open_fda']) retrieved from /opt/airflow/dags/outcome_dag.py
[2023-12-17T19:22:54.800+0000] {logging_mixin.py:154} INFO - [2023-12-17T19:22:54.800+0000] {dag.py:2941} INFO - Sync 1 DAGs
[2023-12-17T19:22:54.810+0000] {logging_mixin.py:154} INFO - [2023-12-17T19:22:54.810+0000] {dag.py:3722} INFO - Setting next_dagrun for open_fda to 2023-12-17T00:00:00+00:00, run_after=2023-12-18T00:00:00+00:00
[2023-12-17T19:22:54.817+0000] {processor.py:179} INFO - Processing /opt/airflow/dags/outcome_dag.py took 0.340 seconds
[2023-12-17T19:23:25.629+0000] {processor.py:157} INFO - Started process (PID=905) to work on /opt/airflow/dags/outcome_dag.py
[2023-12-17T19:23:25.631+0000] {processor.py:829} INFO - Processing file /opt/airflow/dags/outcome_dag.py for tasks to queue
[2023-12-17T19:23:25.635+0000] {logging_mixin.py:154} INFO - [2023-12-17T19:23:25.634+0000] {dagbag.py:536} INFO - Filling up the DagBag from /opt/airflow/dags/outcome_dag.py
[2023-12-17T19:23:25.953+0000] {processor.py:839} INFO - DAG(s) dict_keys(['open_fda']) retrieved from /opt/airflow/dags/outcome_dag.py
[2023-12-17T19:23:25.963+0000] {logging_mixin.py:154} INFO - [2023-12-17T19:23:25.963+0000] {dag.py:2941} INFO - Sync 1 DAGs
[2023-12-17T19:23:25.973+0000] {logging_mixin.py:154} INFO - [2023-12-17T19:23:25.973+0000] {dag.py:3722} INFO - Setting next_dagrun for open_fda to 2023-12-17T00:00:00+00:00, run_after=2023-12-18T00:00:00+00:00
[2023-12-17T19:23:25.980+0000] {processor.py:179} INFO - Processing /opt/airflow/dags/outcome_dag.py took 0.356 seconds
[2023-12-17T19:23:56.721+0000] {processor.py:157} INFO - Started process (PID=961) to work on /opt/airflow/dags/outcome_dag.py
[2023-12-17T19:23:56.723+0000] {processor.py:829} INFO - Processing file /opt/airflow/dags/outcome_dag.py for tasks to queue
[2023-12-17T19:23:56.726+0000] {logging_mixin.py:154} INFO - [2023-12-17T19:23:56.726+0000] {dagbag.py:536} INFO - Filling up the DagBag from /opt/airflow/dags/outcome_dag.py
[2023-12-17T19:23:57.026+0000] {processor.py:839} INFO - DAG(s) dict_keys(['open_fda']) retrieved from /opt/airflow/dags/outcome_dag.py
[2023-12-17T19:23:57.036+0000] {logging_mixin.py:154} INFO - [2023-12-17T19:23:57.036+0000] {dag.py:2941} INFO - Sync 1 DAGs
[2023-12-17T19:23:57.046+0000] {logging_mixin.py:154} INFO - [2023-12-17T19:23:57.046+0000] {dag.py:3722} INFO - Setting next_dagrun for open_fda to 2023-12-17T00:00:00+00:00, run_after=2023-12-18T00:00:00+00:00
[2023-12-17T19:23:57.053+0000] {processor.py:179} INFO - Processing /opt/airflow/dags/outcome_dag.py took 0.337 seconds
[2023-12-17T19:24:27.571+0000] {processor.py:157} INFO - Started process (PID=1017) to work on /opt/airflow/dags/outcome_dag.py
[2023-12-17T19:24:27.572+0000] {processor.py:829} INFO - Processing file /opt/airflow/dags/outcome_dag.py for tasks to queue
[2023-12-17T19:24:27.575+0000] {logging_mixin.py:154} INFO - [2023-12-17T19:24:27.574+0000] {dagbag.py:536} INFO - Filling up the DagBag from /opt/airflow/dags/outcome_dag.py
[2023-12-17T19:24:27.867+0000] {processor.py:839} INFO - DAG(s) dict_keys(['open_fda']) retrieved from /opt/airflow/dags/outcome_dag.py
[2023-12-17T19:24:27.877+0000] {logging_mixin.py:154} INFO - [2023-12-17T19:24:27.877+0000] {dag.py:2941} INFO - Sync 1 DAGs
[2023-12-17T19:24:27.887+0000] {logging_mixin.py:154} INFO - [2023-12-17T19:24:27.887+0000] {dag.py:3722} INFO - Setting next_dagrun for open_fda to 2023-12-17T00:00:00+00:00, run_after=2023-12-18T00:00:00+00:00
[2023-12-17T19:24:27.894+0000] {processor.py:179} INFO - Processing /opt/airflow/dags/outcome_dag.py took 0.327 seconds
[2023-12-17T19:24:58.038+0000] {processor.py:157} INFO - Started process (PID=1076) to work on /opt/airflow/dags/outcome_dag.py
[2023-12-17T19:24:58.039+0000] {processor.py:829} INFO - Processing file /opt/airflow/dags/outcome_dag.py for tasks to queue
[2023-12-17T19:24:58.040+0000] {logging_mixin.py:154} INFO - [2023-12-17T19:24:58.040+0000] {dagbag.py:536} INFO - Filling up the DagBag from /opt/airflow/dags/outcome_dag.py
[2023-12-17T19:24:58.330+0000] {processor.py:839} INFO - DAG(s) dict_keys(['open_fda']) retrieved from /opt/airflow/dags/outcome_dag.py
[2023-12-17T19:24:58.340+0000] {logging_mixin.py:154} INFO - [2023-12-17T19:24:58.340+0000] {dag.py:2941} INFO - Sync 1 DAGs
[2023-12-17T19:24:58.349+0000] {logging_mixin.py:154} INFO - [2023-12-17T19:24:58.349+0000] {dag.py:3722} INFO - Setting next_dagrun for open_fda to 2023-12-17T00:00:00+00:00, run_after=2023-12-18T00:00:00+00:00
[2023-12-17T19:24:58.355+0000] {processor.py:179} INFO - Processing /opt/airflow/dags/outcome_dag.py took 0.319 seconds
[2023-12-17T19:25:28.680+0000] {processor.py:157} INFO - Started process (PID=1138) to work on /opt/airflow/dags/outcome_dag.py
[2023-12-17T19:25:28.680+0000] {processor.py:829} INFO - Processing file /opt/airflow/dags/outcome_dag.py for tasks to queue
[2023-12-17T19:25:28.681+0000] {logging_mixin.py:154} INFO - [2023-12-17T19:25:28.681+0000] {dagbag.py:536} INFO - Filling up the DagBag from /opt/airflow/dags/outcome_dag.py
[2023-12-17T19:25:28.968+0000] {processor.py:839} INFO - DAG(s) dict_keys(['open_fda']) retrieved from /opt/airflow/dags/outcome_dag.py
[2023-12-17T19:25:28.978+0000] {logging_mixin.py:154} INFO - [2023-12-17T19:25:28.978+0000] {dag.py:2941} INFO - Sync 1 DAGs
[2023-12-17T19:25:28.987+0000] {logging_mixin.py:154} INFO - [2023-12-17T19:25:28.987+0000] {dag.py:3722} INFO - Setting next_dagrun for open_fda to 2023-12-17T00:00:00+00:00, run_after=2023-12-18T00:00:00+00:00
[2023-12-17T19:25:28.993+0000] {processor.py:179} INFO - Processing /opt/airflow/dags/outcome_dag.py took 0.316 seconds
[2023-12-17T19:25:59.306+0000] {processor.py:157} INFO - Started process (PID=1195) to work on /opt/airflow/dags/outcome_dag.py
[2023-12-17T19:25:59.306+0000] {processor.py:829} INFO - Processing file /opt/airflow/dags/outcome_dag.py for tasks to queue
[2023-12-17T19:25:59.307+0000] {logging_mixin.py:154} INFO - [2023-12-17T19:25:59.307+0000] {dagbag.py:536} INFO - Filling up the DagBag from /opt/airflow/dags/outcome_dag.py
[2023-12-17T19:25:59.566+0000] {processor.py:839} INFO - DAG(s) dict_keys(['open_fda']) retrieved from /opt/airflow/dags/outcome_dag.py
[2023-12-17T19:25:59.578+0000] {logging_mixin.py:154} INFO - [2023-12-17T19:25:59.578+0000] {dag.py:2941} INFO - Sync 1 DAGs
[2023-12-17T19:25:59.588+0000] {logging_mixin.py:154} INFO - [2023-12-17T19:25:59.588+0000] {dag.py:3722} INFO - Setting next_dagrun for open_fda to 2023-12-17T00:00:00+00:00, run_after=2023-12-18T00:00:00+00:00
[2023-12-17T19:25:59.594+0000] {processor.py:179} INFO - Processing /opt/airflow/dags/outcome_dag.py took 0.290 seconds
[2023-12-17T19:26:29.628+0000] {processor.py:157} INFO - Started process (PID=1251) to work on /opt/airflow/dags/outcome_dag.py
[2023-12-17T19:26:29.629+0000] {processor.py:829} INFO - Processing file /opt/airflow/dags/outcome_dag.py for tasks to queue
[2023-12-17T19:26:29.630+0000] {logging_mixin.py:154} INFO - [2023-12-17T19:26:29.630+0000] {dagbag.py:536} INFO - Filling up the DagBag from /opt/airflow/dags/outcome_dag.py
[2023-12-17T19:26:29.945+0000] {processor.py:839} INFO - DAG(s) dict_keys(['open_fda']) retrieved from /opt/airflow/dags/outcome_dag.py
[2023-12-17T19:26:29.956+0000] {logging_mixin.py:154} INFO - [2023-12-17T19:26:29.956+0000] {dag.py:2941} INFO - Sync 1 DAGs
[2023-12-17T19:26:29.966+0000] {logging_mixin.py:154} INFO - [2023-12-17T19:26:29.966+0000] {dag.py:3722} INFO - Setting next_dagrun for open_fda to 2023-12-17T00:00:00+00:00, run_after=2023-12-18T00:00:00+00:00
[2023-12-17T19:26:29.973+0000] {processor.py:179} INFO - Processing /opt/airflow/dags/outcome_dag.py took 0.347 seconds
[2023-12-17T19:27:00.238+0000] {processor.py:157} INFO - Started process (PID=1298) to work on /opt/airflow/dags/outcome_dag.py
[2023-12-17T19:27:00.239+0000] {processor.py:829} INFO - Processing file /opt/airflow/dags/outcome_dag.py for tasks to queue
[2023-12-17T19:27:00.243+0000] {logging_mixin.py:154} INFO - [2023-12-17T19:27:00.242+0000] {dagbag.py:536} INFO - Filling up the DagBag from /opt/airflow/dags/outcome_dag.py
[2023-12-17T19:27:00.604+0000] {processor.py:839} INFO - DAG(s) dict_keys(['open_fda']) retrieved from /opt/airflow/dags/outcome_dag.py
[2023-12-17T19:27:00.619+0000] {logging_mixin.py:154} INFO - [2023-12-17T19:27:00.619+0000] {dag.py:2941} INFO - Sync 1 DAGs
[2023-12-17T19:27:00.631+0000] {logging_mixin.py:154} INFO - [2023-12-17T19:27:00.631+0000] {dag.py:3722} INFO - Setting next_dagrun for open_fda to 2023-12-17T00:00:00+00:00, run_after=2023-12-18T00:00:00+00:00
[2023-12-17T19:27:00.639+0000] {processor.py:179} INFO - Processing /opt/airflow/dags/outcome_dag.py took 0.405 seconds
[2023-12-17T19:27:30.828+0000] {processor.py:157} INFO - Started process (PID=1355) to work on /opt/airflow/dags/outcome_dag.py
[2023-12-17T19:27:30.829+0000] {processor.py:829} INFO - Processing file /opt/airflow/dags/outcome_dag.py for tasks to queue
[2023-12-17T19:27:30.831+0000] {logging_mixin.py:154} INFO - [2023-12-17T19:27:30.831+0000] {dagbag.py:536} INFO - Filling up the DagBag from /opt/airflow/dags/outcome_dag.py
[2023-12-17T19:27:31.155+0000] {processor.py:839} INFO - DAG(s) dict_keys(['open_fda']) retrieved from /opt/airflow/dags/outcome_dag.py
[2023-12-17T19:27:31.170+0000] {logging_mixin.py:154} INFO - [2023-12-17T19:27:31.170+0000] {dag.py:2941} INFO - Sync 1 DAGs
[2023-12-17T19:27:31.183+0000] {logging_mixin.py:154} INFO - [2023-12-17T19:27:31.183+0000] {dag.py:3722} INFO - Setting next_dagrun for open_fda to 2023-12-17T00:00:00+00:00, run_after=2023-12-18T00:00:00+00:00
[2023-12-17T19:27:31.191+0000] {processor.py:179} INFO - Processing /opt/airflow/dags/outcome_dag.py took 0.365 seconds
[2023-12-17T19:28:01.289+0000] {processor.py:157} INFO - Started process (PID=1410) to work on /opt/airflow/dags/outcome_dag.py
[2023-12-17T19:28:01.290+0000] {processor.py:829} INFO - Processing file /opt/airflow/dags/outcome_dag.py for tasks to queue
[2023-12-17T19:28:01.294+0000] {logging_mixin.py:154} INFO - [2023-12-17T19:28:01.293+0000] {dagbag.py:536} INFO - Filling up the DagBag from /opt/airflow/dags/outcome_dag.py
[2023-12-17T19:28:01.610+0000] {processor.py:839} INFO - DAG(s) dict_keys(['open_fda']) retrieved from /opt/airflow/dags/outcome_dag.py
[2023-12-17T19:28:01.620+0000] {logging_mixin.py:154} INFO - [2023-12-17T19:28:01.620+0000] {dag.py:2941} INFO - Sync 1 DAGs
[2023-12-17T19:28:01.630+0000] {logging_mixin.py:154} INFO - [2023-12-17T19:28:01.630+0000] {dag.py:3722} INFO - Setting next_dagrun for open_fda to 2023-12-17T00:00:00+00:00, run_after=2023-12-18T00:00:00+00:00
[2023-12-17T19:28:01.636+0000] {processor.py:179} INFO - Processing /opt/airflow/dags/outcome_dag.py took 0.352 seconds
[2023-12-17T19:28:31.833+0000] {processor.py:157} INFO - Started process (PID=1466) to work on /opt/airflow/dags/outcome_dag.py
[2023-12-17T19:28:31.835+0000] {processor.py:829} INFO - Processing file /opt/airflow/dags/outcome_dag.py for tasks to queue
[2023-12-17T19:28:31.841+0000] {logging_mixin.py:154} INFO - [2023-12-17T19:28:31.840+0000] {dagbag.py:536} INFO - Filling up the DagBag from /opt/airflow/dags/outcome_dag.py
[2023-12-17T19:28:32.151+0000] {processor.py:839} INFO - DAG(s) dict_keys(['open_fda']) retrieved from /opt/airflow/dags/outcome_dag.py
[2023-12-17T19:28:32.164+0000] {logging_mixin.py:154} INFO - [2023-12-17T19:28:32.164+0000] {dag.py:2941} INFO - Sync 1 DAGs
[2023-12-17T19:28:32.175+0000] {logging_mixin.py:154} INFO - [2023-12-17T19:28:32.174+0000] {dag.py:3722} INFO - Setting next_dagrun for open_fda to 2023-12-17T00:00:00+00:00, run_after=2023-12-18T00:00:00+00:00
[2023-12-17T19:28:32.181+0000] {processor.py:179} INFO - Processing /opt/airflow/dags/outcome_dag.py took 0.355 seconds
[2023-12-17T19:29:02.289+0000] {processor.py:157} INFO - Started process (PID=1523) to work on /opt/airflow/dags/outcome_dag.py
[2023-12-17T19:29:02.290+0000] {processor.py:829} INFO - Processing file /opt/airflow/dags/outcome_dag.py for tasks to queue
[2023-12-17T19:29:02.292+0000] {logging_mixin.py:154} INFO - [2023-12-17T19:29:02.292+0000] {dagbag.py:536} INFO - Filling up the DagBag from /opt/airflow/dags/outcome_dag.py
[2023-12-17T19:29:02.596+0000] {processor.py:839} INFO - DAG(s) dict_keys(['open_fda']) retrieved from /opt/airflow/dags/outcome_dag.py
[2023-12-17T19:29:02.608+0000] {logging_mixin.py:154} INFO - [2023-12-17T19:29:02.607+0000] {dag.py:2941} INFO - Sync 1 DAGs
[2023-12-17T19:29:02.617+0000] {logging_mixin.py:154} INFO - [2023-12-17T19:29:02.617+0000] {dag.py:3722} INFO - Setting next_dagrun for open_fda to 2023-12-17T00:00:00+00:00, run_after=2023-12-18T00:00:00+00:00
[2023-12-17T19:29:02.624+0000] {processor.py:179} INFO - Processing /opt/airflow/dags/outcome_dag.py took 0.336 seconds
[2023-12-17T19:29:33.353+0000] {processor.py:157} INFO - Started process (PID=1578) to work on /opt/airflow/dags/outcome_dag.py
[2023-12-17T19:29:33.355+0000] {processor.py:829} INFO - Processing file /opt/airflow/dags/outcome_dag.py for tasks to queue
[2023-12-17T19:29:33.359+0000] {logging_mixin.py:154} INFO - [2023-12-17T19:29:33.359+0000] {dagbag.py:536} INFO - Filling up the DagBag from /opt/airflow/dags/outcome_dag.py
[2023-12-17T19:29:33.685+0000] {processor.py:839} INFO - DAG(s) dict_keys(['open_fda']) retrieved from /opt/airflow/dags/outcome_dag.py
[2023-12-17T19:29:33.696+0000] {logging_mixin.py:154} INFO - [2023-12-17T19:29:33.696+0000] {dag.py:2941} INFO - Sync 1 DAGs
[2023-12-17T19:29:33.706+0000] {logging_mixin.py:154} INFO - [2023-12-17T19:29:33.706+0000] {dag.py:3722} INFO - Setting next_dagrun for open_fda to 2023-12-17T00:00:00+00:00, run_after=2023-12-18T00:00:00+00:00
[2023-12-17T19:29:33.714+0000] {processor.py:179} INFO - Processing /opt/airflow/dags/outcome_dag.py took 0.366 seconds
[2023-12-17T19:30:03.908+0000] {processor.py:157} INFO - Started process (PID=1633) to work on /opt/airflow/dags/outcome_dag.py
[2023-12-17T19:30:03.910+0000] {processor.py:829} INFO - Processing file /opt/airflow/dags/outcome_dag.py for tasks to queue
[2023-12-17T19:30:03.913+0000] {logging_mixin.py:154} INFO - [2023-12-17T19:30:03.912+0000] {dagbag.py:536} INFO - Filling up the DagBag from /opt/airflow/dags/outcome_dag.py
[2023-12-17T19:30:04.173+0000] {processor.py:839} INFO - DAG(s) dict_keys(['open_fda']) retrieved from /opt/airflow/dags/outcome_dag.py
[2023-12-17T19:30:04.190+0000] {logging_mixin.py:154} INFO - [2023-12-17T19:30:04.189+0000] {dag.py:2941} INFO - Sync 1 DAGs
[2023-12-17T19:30:04.203+0000] {logging_mixin.py:154} INFO - [2023-12-17T19:30:04.203+0000] {dag.py:3722} INFO - Setting next_dagrun for open_fda to 2023-12-17T00:00:00+00:00, run_after=2023-12-18T00:00:00+00:00
[2023-12-17T19:30:04.213+0000] {processor.py:179} INFO - Processing /opt/airflow/dags/outcome_dag.py took 0.309 seconds
[2023-12-17T19:30:34.636+0000] {processor.py:157} INFO - Started process (PID=1689) to work on /opt/airflow/dags/outcome_dag.py
[2023-12-17T19:30:34.637+0000] {processor.py:829} INFO - Processing file /opt/airflow/dags/outcome_dag.py for tasks to queue
[2023-12-17T19:30:34.639+0000] {logging_mixin.py:154} INFO - [2023-12-17T19:30:34.639+0000] {dagbag.py:536} INFO - Filling up the DagBag from /opt/airflow/dags/outcome_dag.py
[2023-12-17T19:30:34.880+0000] {processor.py:839} INFO - DAG(s) dict_keys(['open_fda']) retrieved from /opt/airflow/dags/outcome_dag.py
[2023-12-17T19:30:34.891+0000] {logging_mixin.py:154} INFO - [2023-12-17T19:30:34.891+0000] {dag.py:2941} INFO - Sync 1 DAGs
[2023-12-17T19:30:34.902+0000] {logging_mixin.py:154} INFO - [2023-12-17T19:30:34.902+0000] {dag.py:3722} INFO - Setting next_dagrun for open_fda to 2023-12-17T00:00:00+00:00, run_after=2023-12-18T00:00:00+00:00
[2023-12-17T19:30:34.910+0000] {processor.py:179} INFO - Processing /opt/airflow/dags/outcome_dag.py took 0.279 seconds
[2023-12-17T19:31:05.449+0000] {processor.py:157} INFO - Started process (PID=1745) to work on /opt/airflow/dags/outcome_dag.py
[2023-12-17T19:31:05.450+0000] {processor.py:829} INFO - Processing file /opt/airflow/dags/outcome_dag.py for tasks to queue
[2023-12-17T19:31:05.453+0000] {logging_mixin.py:154} INFO - [2023-12-17T19:31:05.452+0000] {dagbag.py:536} INFO - Filling up the DagBag from /opt/airflow/dags/outcome_dag.py
[2023-12-17T19:31:05.682+0000] {processor.py:839} INFO - DAG(s) dict_keys(['open_fda']) retrieved from /opt/airflow/dags/outcome_dag.py
[2023-12-17T19:31:05.695+0000] {logging_mixin.py:154} INFO - [2023-12-17T19:31:05.694+0000] {dag.py:2941} INFO - Sync 1 DAGs
[2023-12-17T19:31:05.705+0000] {logging_mixin.py:154} INFO - [2023-12-17T19:31:05.705+0000] {dag.py:3722} INFO - Setting next_dagrun for open_fda to 2023-12-17T00:00:00+00:00, run_after=2023-12-18T00:00:00+00:00
[2023-12-17T19:31:05.713+0000] {processor.py:179} INFO - Processing /opt/airflow/dags/outcome_dag.py took 0.269 seconds
[2023-12-17T19:31:36.218+0000] {processor.py:157} INFO - Started process (PID=1801) to work on /opt/airflow/dags/outcome_dag.py
[2023-12-17T19:31:36.220+0000] {processor.py:829} INFO - Processing file /opt/airflow/dags/outcome_dag.py for tasks to queue
[2023-12-17T19:31:36.225+0000] {logging_mixin.py:154} INFO - [2023-12-17T19:31:36.225+0000] {dagbag.py:536} INFO - Filling up the DagBag from /opt/airflow/dags/outcome_dag.py
[2023-12-17T19:31:36.460+0000] {processor.py:839} INFO - DAG(s) dict_keys(['open_fda']) retrieved from /opt/airflow/dags/outcome_dag.py
[2023-12-17T19:31:36.472+0000] {logging_mixin.py:154} INFO - [2023-12-17T19:31:36.472+0000] {dag.py:2941} INFO - Sync 1 DAGs
[2023-12-17T19:31:36.483+0000] {logging_mixin.py:154} INFO - [2023-12-17T19:31:36.483+0000] {dag.py:3722} INFO - Setting next_dagrun for open_fda to 2023-12-17T00:00:00+00:00, run_after=2023-12-18T00:00:00+00:00
[2023-12-17T19:31:36.491+0000] {processor.py:179} INFO - Processing /opt/airflow/dags/outcome_dag.py took 0.280 seconds
[2023-12-17T19:32:06.965+0000] {processor.py:157} INFO - Started process (PID=1857) to work on /opt/airflow/dags/outcome_dag.py
[2023-12-17T19:32:06.966+0000] {processor.py:829} INFO - Processing file /opt/airflow/dags/outcome_dag.py for tasks to queue
[2023-12-17T19:32:06.969+0000] {logging_mixin.py:154} INFO - [2023-12-17T19:32:06.969+0000] {dagbag.py:536} INFO - Filling up the DagBag from /opt/airflow/dags/outcome_dag.py
[2023-12-17T19:32:07.197+0000] {processor.py:839} INFO - DAG(s) dict_keys(['open_fda']) retrieved from /opt/airflow/dags/outcome_dag.py
[2023-12-17T19:32:07.210+0000] {logging_mixin.py:154} INFO - [2023-12-17T19:32:07.209+0000] {dag.py:2941} INFO - Sync 1 DAGs
[2023-12-17T19:32:07.222+0000] {logging_mixin.py:154} INFO - [2023-12-17T19:32:07.222+0000] {dag.py:3722} INFO - Setting next_dagrun for open_fda to 2023-12-17T00:00:00+00:00, run_after=2023-12-18T00:00:00+00:00
[2023-12-17T19:32:07.231+0000] {processor.py:179} INFO - Processing /opt/airflow/dags/outcome_dag.py took 0.268 seconds
[2023-12-17T19:32:37.760+0000] {processor.py:157} INFO - Started process (PID=1913) to work on /opt/airflow/dags/outcome_dag.py
[2023-12-17T19:32:37.762+0000] {processor.py:829} INFO - Processing file /opt/airflow/dags/outcome_dag.py for tasks to queue
[2023-12-17T19:32:37.766+0000] {logging_mixin.py:154} INFO - [2023-12-17T19:32:37.765+0000] {dagbag.py:536} INFO - Filling up the DagBag from /opt/airflow/dags/outcome_dag.py
[2023-12-17T19:32:38.005+0000] {processor.py:839} INFO - DAG(s) dict_keys(['open_fda']) retrieved from /opt/airflow/dags/outcome_dag.py
[2023-12-17T19:32:38.017+0000] {logging_mixin.py:154} INFO - [2023-12-17T19:32:38.017+0000] {dag.py:2941} INFO - Sync 1 DAGs
[2023-12-17T19:32:38.028+0000] {logging_mixin.py:154} INFO - [2023-12-17T19:32:38.028+0000] {dag.py:3722} INFO - Setting next_dagrun for open_fda to 2023-12-17T00:00:00+00:00, run_after=2023-12-18T00:00:00+00:00
[2023-12-17T19:32:38.036+0000] {processor.py:179} INFO - Processing /opt/airflow/dags/outcome_dag.py took 0.280 seconds
[2023-12-17T19:33:08.367+0000] {processor.py:157} INFO - Started process (PID=1969) to work on /opt/airflow/dags/outcome_dag.py
[2023-12-17T19:33:08.368+0000] {processor.py:829} INFO - Processing file /opt/airflow/dags/outcome_dag.py for tasks to queue
[2023-12-17T19:33:08.371+0000] {logging_mixin.py:154} INFO - [2023-12-17T19:33:08.370+0000] {dagbag.py:536} INFO - Filling up the DagBag from /opt/airflow/dags/outcome_dag.py
[2023-12-17T19:33:08.571+0000] {processor.py:839} INFO - DAG(s) dict_keys(['open_fda']) retrieved from /opt/airflow/dags/outcome_dag.py
[2023-12-17T19:33:08.582+0000] {logging_mixin.py:154} INFO - [2023-12-17T19:33:08.582+0000] {dag.py:2941} INFO - Sync 1 DAGs
[2023-12-17T19:33:08.594+0000] {logging_mixin.py:154} INFO - [2023-12-17T19:33:08.593+0000] {dag.py:3722} INFO - Setting next_dagrun for open_fda to 2023-12-17T00:00:00+00:00, run_after=2023-12-18T00:00:00+00:00
[2023-12-17T19:33:08.601+0000] {processor.py:179} INFO - Processing /opt/airflow/dags/outcome_dag.py took 0.237 seconds
[2023-12-17T19:33:39.051+0000] {processor.py:157} INFO - Started process (PID=2025) to work on /opt/airflow/dags/outcome_dag.py
[2023-12-17T19:33:39.052+0000] {processor.py:829} INFO - Processing file /opt/airflow/dags/outcome_dag.py for tasks to queue
[2023-12-17T19:33:39.054+0000] {logging_mixin.py:154} INFO - [2023-12-17T19:33:39.054+0000] {dagbag.py:536} INFO - Filling up the DagBag from /opt/airflow/dags/outcome_dag.py
[2023-12-17T19:33:39.260+0000] {processor.py:839} INFO - DAG(s) dict_keys(['open_fda']) retrieved from /opt/airflow/dags/outcome_dag.py
[2023-12-17T19:33:39.272+0000] {logging_mixin.py:154} INFO - [2023-12-17T19:33:39.271+0000] {dag.py:2941} INFO - Sync 1 DAGs
[2023-12-17T19:33:39.283+0000] {logging_mixin.py:154} INFO - [2023-12-17T19:33:39.283+0000] {dag.py:3722} INFO - Setting next_dagrun for open_fda to 2023-12-17T00:00:00+00:00, run_after=2023-12-18T00:00:00+00:00
[2023-12-17T19:33:39.290+0000] {processor.py:179} INFO - Processing /opt/airflow/dags/outcome_dag.py took 0.242 seconds
[2023-12-17T19:34:09.713+0000] {processor.py:157} INFO - Started process (PID=2081) to work on /opt/airflow/dags/outcome_dag.py
[2023-12-17T19:34:09.714+0000] {processor.py:829} INFO - Processing file /opt/airflow/dags/outcome_dag.py for tasks to queue
[2023-12-17T19:34:09.717+0000] {logging_mixin.py:154} INFO - [2023-12-17T19:34:09.717+0000] {dagbag.py:536} INFO - Filling up the DagBag from /opt/airflow/dags/outcome_dag.py
[2023-12-17T19:34:09.923+0000] {processor.py:839} INFO - DAG(s) dict_keys(['open_fda']) retrieved from /opt/airflow/dags/outcome_dag.py
[2023-12-17T19:34:09.934+0000] {logging_mixin.py:154} INFO - [2023-12-17T19:34:09.934+0000] {dag.py:2941} INFO - Sync 1 DAGs
[2023-12-17T19:34:09.945+0000] {logging_mixin.py:154} INFO - [2023-12-17T19:34:09.945+0000] {dag.py:3722} INFO - Setting next_dagrun for open_fda to 2023-12-17T00:00:00+00:00, run_after=2023-12-18T00:00:00+00:00
[2023-12-17T19:34:09.952+0000] {processor.py:179} INFO - Processing /opt/airflow/dags/outcome_dag.py took 0.243 seconds
[2023-12-17T19:34:40.411+0000] {processor.py:157} INFO - Started process (PID=2137) to work on /opt/airflow/dags/outcome_dag.py
[2023-12-17T19:34:40.412+0000] {processor.py:829} INFO - Processing file /opt/airflow/dags/outcome_dag.py for tasks to queue
[2023-12-17T19:34:40.415+0000] {logging_mixin.py:154} INFO - [2023-12-17T19:34:40.414+0000] {dagbag.py:536} INFO - Filling up the DagBag from /opt/airflow/dags/outcome_dag.py
[2023-12-17T19:34:40.664+0000] {processor.py:839} INFO - DAG(s) dict_keys(['open_fda']) retrieved from /opt/airflow/dags/outcome_dag.py
[2023-12-17T19:34:40.676+0000] {logging_mixin.py:154} INFO - [2023-12-17T19:34:40.676+0000] {dag.py:2941} INFO - Sync 1 DAGs
[2023-12-17T19:34:40.686+0000] {logging_mixin.py:154} INFO - [2023-12-17T19:34:40.686+0000] {dag.py:3722} INFO - Setting next_dagrun for open_fda to 2023-12-17T00:00:00+00:00, run_after=2023-12-18T00:00:00+00:00
[2023-12-17T19:34:40.694+0000] {processor.py:179} INFO - Processing /opt/airflow/dags/outcome_dag.py took 0.286 seconds
[2023-12-17T19:35:11.257+0000] {processor.py:157} INFO - Started process (PID=2193) to work on /opt/airflow/dags/outcome_dag.py
[2023-12-17T19:35:11.258+0000] {processor.py:829} INFO - Processing file /opt/airflow/dags/outcome_dag.py for tasks to queue
[2023-12-17T19:35:11.262+0000] {logging_mixin.py:154} INFO - [2023-12-17T19:35:11.262+0000] {dagbag.py:536} INFO - Filling up the DagBag from /opt/airflow/dags/outcome_dag.py
[2023-12-17T19:35:11.469+0000] {processor.py:839} INFO - DAG(s) dict_keys(['open_fda']) retrieved from /opt/airflow/dags/outcome_dag.py
[2023-12-17T19:35:11.482+0000] {logging_mixin.py:154} INFO - [2023-12-17T19:35:11.482+0000] {dag.py:2941} INFO - Sync 1 DAGs
[2023-12-17T19:35:11.493+0000] {logging_mixin.py:154} INFO - [2023-12-17T19:35:11.493+0000] {dag.py:3722} INFO - Setting next_dagrun for open_fda to 2023-12-17T00:00:00+00:00, run_after=2023-12-18T00:00:00+00:00
[2023-12-17T19:35:11.501+0000] {processor.py:179} INFO - Processing /opt/airflow/dags/outcome_dag.py took 0.249 seconds
[2023-12-17T19:35:42.119+0000] {processor.py:157} INFO - Started process (PID=2249) to work on /opt/airflow/dags/outcome_dag.py
[2023-12-17T19:35:42.121+0000] {processor.py:829} INFO - Processing file /opt/airflow/dags/outcome_dag.py for tasks to queue
[2023-12-17T19:35:42.124+0000] {logging_mixin.py:154} INFO - [2023-12-17T19:35:42.123+0000] {dagbag.py:536} INFO - Filling up the DagBag from /opt/airflow/dags/outcome_dag.py
[2023-12-17T19:35:42.350+0000] {processor.py:839} INFO - DAG(s) dict_keys(['open_fda']) retrieved from /opt/airflow/dags/outcome_dag.py
[2023-12-17T19:35:42.363+0000] {logging_mixin.py:154} INFO - [2023-12-17T19:35:42.362+0000] {dag.py:2941} INFO - Sync 1 DAGs
[2023-12-17T19:35:42.374+0000] {logging_mixin.py:154} INFO - [2023-12-17T19:35:42.374+0000] {dag.py:3722} INFO - Setting next_dagrun for open_fda to 2023-12-17T00:00:00+00:00, run_after=2023-12-18T00:00:00+00:00
[2023-12-17T19:35:42.381+0000] {processor.py:179} INFO - Processing /opt/airflow/dags/outcome_dag.py took 0.267 seconds
[2023-12-17T19:36:12.739+0000] {processor.py:157} INFO - Started process (PID=2305) to work on /opt/airflow/dags/outcome_dag.py
[2023-12-17T19:36:12.740+0000] {processor.py:829} INFO - Processing file /opt/airflow/dags/outcome_dag.py for tasks to queue
[2023-12-17T19:36:12.742+0000] {logging_mixin.py:154} INFO - [2023-12-17T19:36:12.742+0000] {dagbag.py:536} INFO - Filling up the DagBag from /opt/airflow/dags/outcome_dag.py
[2023-12-17T19:36:12.938+0000] {processor.py:839} INFO - DAG(s) dict_keys(['open_fda']) retrieved from /opt/airflow/dags/outcome_dag.py
[2023-12-17T19:36:12.950+0000] {logging_mixin.py:154} INFO - [2023-12-17T19:36:12.950+0000] {dag.py:2941} INFO - Sync 1 DAGs
[2023-12-17T19:36:12.961+0000] {logging_mixin.py:154} INFO - [2023-12-17T19:36:12.961+0000] {dag.py:3722} INFO - Setting next_dagrun for open_fda to 2023-12-17T00:00:00+00:00, run_after=2023-12-18T00:00:00+00:00
[2023-12-17T19:36:12.969+0000] {processor.py:179} INFO - Processing /opt/airflow/dags/outcome_dag.py took 0.233 seconds
[2023-12-17T19:36:43.421+0000] {processor.py:157} INFO - Started process (PID=2361) to work on /opt/airflow/dags/outcome_dag.py
[2023-12-17T19:36:43.422+0000] {processor.py:829} INFO - Processing file /opt/airflow/dags/outcome_dag.py for tasks to queue
[2023-12-17T19:36:43.426+0000] {logging_mixin.py:154} INFO - [2023-12-17T19:36:43.425+0000] {dagbag.py:536} INFO - Filling up the DagBag from /opt/airflow/dags/outcome_dag.py
[2023-12-17T19:36:43.647+0000] {processor.py:839} INFO - DAG(s) dict_keys(['open_fda']) retrieved from /opt/airflow/dags/outcome_dag.py
[2023-12-17T19:36:43.659+0000] {logging_mixin.py:154} INFO - [2023-12-17T19:36:43.659+0000] {dag.py:2941} INFO - Sync 1 DAGs
[2023-12-17T19:36:43.669+0000] {logging_mixin.py:154} INFO - [2023-12-17T19:36:43.669+0000] {dag.py:3722} INFO - Setting next_dagrun for open_fda to 2023-12-17T00:00:00+00:00, run_after=2023-12-18T00:00:00+00:00
[2023-12-17T19:36:43.677+0000] {processor.py:179} INFO - Processing /opt/airflow/dags/outcome_dag.py took 0.261 seconds
[2023-12-17T19:37:14.509+0000] {processor.py:157} INFO - Started process (PID=2417) to work on /opt/airflow/dags/outcome_dag.py
[2023-12-17T19:37:14.511+0000] {processor.py:829} INFO - Processing file /opt/airflow/dags/outcome_dag.py for tasks to queue
[2023-12-17T19:37:14.515+0000] {logging_mixin.py:154} INFO - [2023-12-17T19:37:14.514+0000] {dagbag.py:536} INFO - Filling up the DagBag from /opt/airflow/dags/outcome_dag.py
[2023-12-17T19:37:37.103+0000] {processor.py:839} INFO - DAG(s) dict_keys(['open_fda']) retrieved from /opt/airflow/dags/outcome_dag.py
[2023-12-17T19:37:37.114+0000] {logging_mixin.py:154} INFO - [2023-12-17T19:37:37.114+0000] {dag.py:2941} INFO - Sync 1 DAGs
[2023-12-17T19:37:37.124+0000] {logging_mixin.py:154} INFO - [2023-12-17T19:37:37.124+0000] {dag.py:3722} INFO - Setting next_dagrun for open_fda to 2023-12-17T00:00:00+00:00, run_after=2023-12-18T00:00:00+00:00
[2023-12-17T19:37:37.130+0000] {processor.py:179} INFO - Processing /opt/airflow/dags/outcome_dag.py took 0.295 seconds
[2023-12-17T19:38:07.805+0000] {processor.py:157} INFO - Started process (PID=2474) to work on /opt/airflow/dags/outcome_dag.py
[2023-12-17T19:38:07.807+0000] {processor.py:829} INFO - Processing file /opt/airflow/dags/outcome_dag.py for tasks to queue
[2023-12-17T19:38:07.811+0000] {logging_mixin.py:154} INFO - [2023-12-17T19:38:07.810+0000] {dagbag.py:536} INFO - Filling up the DagBag from /opt/airflow/dags/outcome_dag.py
[2023-12-17T19:38:08.077+0000] {processor.py:839} INFO - DAG(s) dict_keys(['open_fda']) retrieved from /opt/airflow/dags/outcome_dag.py
[2023-12-17T19:38:08.090+0000] {logging_mixin.py:154} INFO - [2023-12-17T19:38:08.089+0000] {dag.py:2941} INFO - Sync 1 DAGs
[2023-12-17T19:38:08.101+0000] {logging_mixin.py:154} INFO - [2023-12-17T19:38:08.101+0000] {dag.py:3722} INFO - Setting next_dagrun for open_fda to 2023-12-17T00:00:00+00:00, run_after=2023-12-18T00:00:00+00:00
[2023-12-17T19:38:08.109+0000] {processor.py:179} INFO - Processing /opt/airflow/dags/outcome_dag.py took 0.309 seconds
[2023-12-17T19:38:38.751+0000] {processor.py:157} INFO - Started process (PID=2530) to work on /opt/airflow/dags/outcome_dag.py
[2023-12-17T19:38:38.752+0000] {processor.py:829} INFO - Processing file /opt/airflow/dags/outcome_dag.py for tasks to queue
[2023-12-17T19:38:38.755+0000] {logging_mixin.py:154} INFO - [2023-12-17T19:38:38.755+0000] {dagbag.py:536} INFO - Filling up the DagBag from /opt/airflow/dags/outcome_dag.py
[2023-12-17T19:38:39.126+0000] {processor.py:839} INFO - DAG(s) dict_keys(['open_fda']) retrieved from /opt/airflow/dags/outcome_dag.py
[2023-12-17T19:38:39.141+0000] {logging_mixin.py:154} INFO - [2023-12-17T19:38:39.140+0000] {dag.py:2941} INFO - Sync 1 DAGs
[2023-12-17T19:38:39.154+0000] {logging_mixin.py:154} INFO - [2023-12-17T19:38:39.154+0000] {dag.py:3722} INFO - Setting next_dagrun for open_fda to 2023-12-17T00:00:00+00:00, run_after=2023-12-18T00:00:00+00:00
[2023-12-17T19:38:39.163+0000] {processor.py:179} INFO - Processing /opt/airflow/dags/outcome_dag.py took 0.416 seconds
[2023-12-17T19:39:09.820+0000] {processor.py:157} INFO - Started process (PID=2586) to work on /opt/airflow/dags/outcome_dag.py
[2023-12-17T19:39:09.822+0000] {processor.py:829} INFO - Processing file /opt/airflow/dags/outcome_dag.py for tasks to queue
[2023-12-17T19:39:09.825+0000] {logging_mixin.py:154} INFO - [2023-12-17T19:39:09.824+0000] {dagbag.py:536} INFO - Filling up the DagBag from /opt/airflow/dags/outcome_dag.py
[2023-12-17T19:39:10.111+0000] {processor.py:839} INFO - DAG(s) dict_keys(['open_fda']) retrieved from /opt/airflow/dags/outcome_dag.py
[2023-12-17T19:39:10.124+0000] {logging_mixin.py:154} INFO - [2023-12-17T19:39:10.123+0000] {dag.py:2941} INFO - Sync 1 DAGs
[2023-12-17T19:39:10.136+0000] {logging_mixin.py:154} INFO - [2023-12-17T19:39:10.136+0000] {dag.py:3722} INFO - Setting next_dagrun for open_fda to 2023-12-17T00:00:00+00:00, run_after=2023-12-18T00:00:00+00:00
[2023-12-17T19:39:10.143+0000] {processor.py:179} INFO - Processing /opt/airflow/dags/outcome_dag.py took 0.326 seconds
[2023-12-17T19:39:40.683+0000] {processor.py:157} INFO - Started process (PID=2642) to work on /opt/airflow/dags/outcome_dag.py
[2023-12-17T19:39:40.685+0000] {processor.py:829} INFO - Processing file /opt/airflow/dags/outcome_dag.py for tasks to queue
[2023-12-17T19:39:40.687+0000] {logging_mixin.py:154} INFO - [2023-12-17T19:39:40.687+0000] {dagbag.py:536} INFO - Filling up the DagBag from /opt/airflow/dags/outcome_dag.py
[2023-12-17T19:39:40.989+0000] {processor.py:839} INFO - DAG(s) dict_keys(['open_fda']) retrieved from /opt/airflow/dags/outcome_dag.py
[2023-12-17T19:39:41.000+0000] {logging_mixin.py:154} INFO - [2023-12-17T19:39:41.000+0000] {dag.py:2941} INFO - Sync 1 DAGs
[2023-12-17T19:39:41.010+0000] {logging_mixin.py:154} INFO - [2023-12-17T19:39:41.010+0000] {dag.py:3722} INFO - Setting next_dagrun for open_fda to 2023-12-17T00:00:00+00:00, run_after=2023-12-18T00:00:00+00:00
[2023-12-17T19:39:41.017+0000] {processor.py:179} INFO - Processing /opt/airflow/dags/outcome_dag.py took 0.337 seconds
[2023-12-17T19:40:11.591+0000] {processor.py:157} INFO - Started process (PID=2698) to work on /opt/airflow/dags/outcome_dag.py
[2023-12-17T19:40:11.593+0000] {processor.py:829} INFO - Processing file /opt/airflow/dags/outcome_dag.py for tasks to queue
[2023-12-17T19:40:11.596+0000] {logging_mixin.py:154} INFO - [2023-12-17T19:40:11.596+0000] {dagbag.py:536} INFO - Filling up the DagBag from /opt/airflow/dags/outcome_dag.py
[2023-12-17T19:40:11.922+0000] {processor.py:839} INFO - DAG(s) dict_keys(['open_fda']) retrieved from /opt/airflow/dags/outcome_dag.py
[2023-12-17T19:40:11.938+0000] {logging_mixin.py:154} INFO - [2023-12-17T19:40:11.938+0000] {dag.py:2941} INFO - Sync 1 DAGs
[2023-12-17T19:40:11.951+0000] {logging_mixin.py:154} INFO - [2023-12-17T19:40:11.951+0000] {dag.py:3722} INFO - Setting next_dagrun for open_fda to 2023-12-17T00:00:00+00:00, run_after=2023-12-18T00:00:00+00:00
[2023-12-17T19:40:11.959+0000] {processor.py:179} INFO - Processing /opt/airflow/dags/outcome_dag.py took 0.372 seconds
[2023-12-17T19:40:42.614+0000] {processor.py:157} INFO - Started process (PID=2754) to work on /opt/airflow/dags/outcome_dag.py
[2023-12-17T19:40:42.615+0000] {processor.py:829} INFO - Processing file /opt/airflow/dags/outcome_dag.py for tasks to queue
[2023-12-17T19:40:42.619+0000] {logging_mixin.py:154} INFO - [2023-12-17T19:40:42.618+0000] {dagbag.py:536} INFO - Filling up the DagBag from /opt/airflow/dags/outcome_dag.py
[2023-12-17T19:40:42.881+0000] {processor.py:839} INFO - DAG(s) dict_keys(['open_fda']) retrieved from /opt/airflow/dags/outcome_dag.py
[2023-12-17T19:40:42.905+0000] {logging_mixin.py:154} INFO - [2023-12-17T19:40:42.905+0000] {dag.py:2941} INFO - Sync 1 DAGs
[2023-12-17T19:40:42.922+0000] {logging_mixin.py:154} INFO - [2023-12-17T19:40:42.922+0000] {dag.py:3722} INFO - Setting next_dagrun for open_fda to 2023-12-17T00:00:00+00:00, run_after=2023-12-18T00:00:00+00:00
[2023-12-17T19:40:42.945+0000] {processor.py:179} INFO - Processing /opt/airflow/dags/outcome_dag.py took 0.334 seconds
[2023-12-17T19:41:13.868+0000] {processor.py:157} INFO - Started process (PID=2813) to work on /opt/airflow/dags/outcome_dag.py
[2023-12-17T19:41:13.872+0000] {processor.py:829} INFO - Processing file /opt/airflow/dags/outcome_dag.py for tasks to queue
[2023-12-17T19:41:13.879+0000] {logging_mixin.py:154} INFO - [2023-12-17T19:41:13.878+0000] {dagbag.py:536} INFO - Filling up the DagBag from /opt/airflow/dags/outcome_dag.py
[2023-12-17T19:41:14.272+0000] {processor.py:839} INFO - DAG(s) dict_keys(['open_fda']) retrieved from /opt/airflow/dags/outcome_dag.py
[2023-12-17T19:41:14.294+0000] {logging_mixin.py:154} INFO - [2023-12-17T19:41:14.294+0000] {dag.py:2941} INFO - Sync 1 DAGs
[2023-12-17T19:41:14.312+0000] {logging_mixin.py:154} INFO - [2023-12-17T19:41:14.312+0000] {dag.py:3722} INFO - Setting next_dagrun for open_fda to 2023-12-17T00:00:00+00:00, run_after=2023-12-18T00:00:00+00:00
[2023-12-17T19:41:14.324+0000] {processor.py:179} INFO - Processing /opt/airflow/dags/outcome_dag.py took 0.463 seconds
[2023-12-17T19:41:45.289+0000] {processor.py:157} INFO - Started process (PID=2873) to work on /opt/airflow/dags/outcome_dag.py
[2023-12-17T19:41:45.291+0000] {processor.py:829} INFO - Processing file /opt/airflow/dags/outcome_dag.py for tasks to queue
[2023-12-17T19:41:45.294+0000] {logging_mixin.py:154} INFO - [2023-12-17T19:41:45.294+0000] {dagbag.py:536} INFO - Filling up the DagBag from /opt/airflow/dags/outcome_dag.py
[2023-12-17T19:41:45.605+0000] {processor.py:839} INFO - DAG(s) dict_keys(['open_fda']) retrieved from /opt/airflow/dags/outcome_dag.py
[2023-12-17T19:41:45.622+0000] {logging_mixin.py:154} INFO - [2023-12-17T19:41:45.622+0000] {dag.py:2941} INFO - Sync 1 DAGs
[2023-12-17T19:41:45.642+0000] {logging_mixin.py:154} INFO - [2023-12-17T19:41:45.641+0000] {dag.py:3722} INFO - Setting next_dagrun for open_fda to 2023-12-17T00:00:00+00:00, run_after=2023-12-18T00:00:00+00:00
[2023-12-17T19:41:45.653+0000] {processor.py:179} INFO - Processing /opt/airflow/dags/outcome_dag.py took 0.368 seconds
[2023-12-17T19:42:16.558+0000] {processor.py:157} INFO - Started process (PID=2933) to work on /opt/airflow/dags/outcome_dag.py
[2023-12-17T19:42:16.560+0000] {processor.py:829} INFO - Processing file /opt/airflow/dags/outcome_dag.py for tasks to queue
[2023-12-17T19:42:16.564+0000] {logging_mixin.py:154} INFO - [2023-12-17T19:42:16.563+0000] {dagbag.py:536} INFO - Filling up the DagBag from /opt/airflow/dags/outcome_dag.py
[2023-12-17T19:42:16.903+0000] {processor.py:839} INFO - DAG(s) dict_keys(['open_fda']) retrieved from /opt/airflow/dags/outcome_dag.py
[2023-12-17T19:42:16.923+0000] {logging_mixin.py:154} INFO - [2023-12-17T19:42:16.923+0000] {dag.py:2941} INFO - Sync 1 DAGs
[2023-12-17T19:42:16.937+0000] {logging_mixin.py:154} INFO - [2023-12-17T19:42:16.936+0000] {dag.py:3722} INFO - Setting next_dagrun for open_fda to 2023-12-17T00:00:00+00:00, run_after=2023-12-18T00:00:00+00:00
[2023-12-17T19:42:16.948+0000] {processor.py:179} INFO - Processing /opt/airflow/dags/outcome_dag.py took 0.395 seconds
[2023-12-17T19:42:47.911+0000] {processor.py:157} INFO - Started process (PID=2999) to work on /opt/airflow/dags/outcome_dag.py
[2023-12-17T19:42:47.913+0000] {processor.py:829} INFO - Processing file /opt/airflow/dags/outcome_dag.py for tasks to queue
[2023-12-17T19:42:47.916+0000] {logging_mixin.py:154} INFO - [2023-12-17T19:42:47.915+0000] {dagbag.py:536} INFO - Filling up the DagBag from /opt/airflow/dags/outcome_dag.py
[2023-12-17T19:42:48.173+0000] {processor.py:839} INFO - DAG(s) dict_keys(['open_fda']) retrieved from /opt/airflow/dags/outcome_dag.py
[2023-12-17T19:42:48.188+0000] {logging_mixin.py:154} INFO - [2023-12-17T19:42:48.188+0000] {dag.py:2941} INFO - Sync 1 DAGs
[2023-12-17T19:42:48.201+0000] {logging_mixin.py:154} INFO - [2023-12-17T19:42:48.201+0000] {dag.py:3722} INFO - Setting next_dagrun for open_fda to 2023-12-17T00:00:00+00:00, run_after=2023-12-18T00:00:00+00:00
[2023-12-17T19:42:48.381+0000] {processor.py:179} INFO - Processing /opt/airflow/dags/outcome_dag.py took 0.476 seconds
[2023-12-17T19:43:18.475+0000] {processor.py:157} INFO - Started process (PID=3059) to work on /opt/airflow/dags/outcome_dag.py
[2023-12-17T19:43:18.475+0000] {processor.py:829} INFO - Processing file /opt/airflow/dags/outcome_dag.py for tasks to queue
[2023-12-17T19:43:18.477+0000] {logging_mixin.py:154} INFO - [2023-12-17T19:43:18.476+0000] {dagbag.py:536} INFO - Filling up the DagBag from /opt/airflow/dags/outcome_dag.py
[2023-12-17T19:43:18.690+0000] {processor.py:839} INFO - DAG(s) dict_keys(['open_fda']) retrieved from /opt/airflow/dags/outcome_dag.py
[2023-12-17T19:43:18.703+0000] {logging_mixin.py:154} INFO - [2023-12-17T19:43:18.703+0000] {dag.py:2941} INFO - Sync 1 DAGs
[2023-12-17T19:43:18.713+0000] {logging_mixin.py:154} INFO - [2023-12-17T19:43:18.713+0000] {dag.py:3722} INFO - Setting next_dagrun for open_fda to 2023-12-17T00:00:00+00:00, run_after=2023-12-18T00:00:00+00:00
[2023-12-17T19:43:18.720+0000] {processor.py:179} INFO - Processing /opt/airflow/dags/outcome_dag.py took 0.247 seconds
[2023-12-17T19:43:49.658+0000] {processor.py:157} INFO - Started process (PID=3115) to work on /opt/airflow/dags/outcome_dag.py
[2023-12-17T19:43:49.660+0000] {processor.py:829} INFO - Processing file /opt/airflow/dags/outcome_dag.py for tasks to queue
[2023-12-17T19:43:49.663+0000] {logging_mixin.py:154} INFO - [2023-12-17T19:43:49.662+0000] {dagbag.py:536} INFO - Filling up the DagBag from /opt/airflow/dags/outcome_dag.py
[2023-12-17T19:43:49.925+0000] {processor.py:839} INFO - DAG(s) dict_keys(['open_fda']) retrieved from /opt/airflow/dags/outcome_dag.py
[2023-12-17T19:43:49.938+0000] {logging_mixin.py:154} INFO - [2023-12-17T19:43:49.938+0000] {dag.py:2941} INFO - Sync 1 DAGs
[2023-12-17T19:43:49.951+0000] {logging_mixin.py:154} INFO - [2023-12-17T19:43:49.951+0000] {dag.py:3722} INFO - Setting next_dagrun for open_fda to 2023-12-17T00:00:00+00:00, run_after=2023-12-18T00:00:00+00:00
[2023-12-17T19:43:49.959+0000] {processor.py:179} INFO - Processing /opt/airflow/dags/outcome_dag.py took 0.306 seconds
[2023-12-17T19:44:20.530+0000] {processor.py:157} INFO - Started process (PID=3171) to work on /opt/airflow/dags/outcome_dag.py
[2023-12-17T19:44:20.532+0000] {processor.py:829} INFO - Processing file /opt/airflow/dags/outcome_dag.py for tasks to queue
[2023-12-17T19:44:20.535+0000] {logging_mixin.py:154} INFO - [2023-12-17T19:44:20.534+0000] {dagbag.py:536} INFO - Filling up the DagBag from /opt/airflow/dags/outcome_dag.py
[2023-12-17T19:44:20.780+0000] {processor.py:839} INFO - DAG(s) dict_keys(['open_fda']) retrieved from /opt/airflow/dags/outcome_dag.py
[2023-12-17T19:44:20.792+0000] {logging_mixin.py:154} INFO - [2023-12-17T19:44:20.792+0000] {dag.py:2941} INFO - Sync 1 DAGs
[2023-12-17T19:44:20.803+0000] {logging_mixin.py:154} INFO - [2023-12-17T19:44:20.803+0000] {dag.py:3722} INFO - Setting next_dagrun for open_fda to 2023-12-17T00:00:00+00:00, run_after=2023-12-18T00:00:00+00:00
[2023-12-17T19:44:20.810+0000] {processor.py:179} INFO - Processing /opt/airflow/dags/outcome_dag.py took 0.285 seconds
[2023-12-17T19:44:50.847+0000] {processor.py:157} INFO - Started process (PID=3231) to work on /opt/airflow/dags/outcome_dag.py
[2023-12-17T19:44:50.848+0000] {processor.py:829} INFO - Processing file /opt/airflow/dags/outcome_dag.py for tasks to queue
[2023-12-17T19:44:50.850+0000] {logging_mixin.py:154} INFO - [2023-12-17T19:44:50.850+0000] {dagbag.py:536} INFO - Filling up the DagBag from /opt/airflow/dags/outcome_dag.py
[2023-12-17T19:44:51.055+0000] {processor.py:839} INFO - DAG(s) dict_keys(['open_fda']) retrieved from /opt/airflow/dags/outcome_dag.py
[2023-12-17T19:44:51.067+0000] {logging_mixin.py:154} INFO - [2023-12-17T19:44:51.067+0000] {dag.py:2941} INFO - Sync 1 DAGs
[2023-12-17T19:44:51.078+0000] {logging_mixin.py:154} INFO - [2023-12-17T19:44:51.078+0000] {dag.py:3722} INFO - Setting next_dagrun for open_fda to 2023-12-17T00:00:00+00:00, run_after=2023-12-18T00:00:00+00:00
[2023-12-17T19:44:51.218+0000] {processor.py:179} INFO - Processing /opt/airflow/dags/outcome_dag.py took 0.374 seconds
[2023-12-17T19:45:21.356+0000] {processor.py:157} INFO - Started process (PID=3293) to work on /opt/airflow/dags/outcome_dag.py
[2023-12-17T19:45:21.357+0000] {processor.py:829} INFO - Processing file /opt/airflow/dags/outcome_dag.py for tasks to queue
[2023-12-17T19:45:21.360+0000] {logging_mixin.py:154} INFO - [2023-12-17T19:45:21.359+0000] {dagbag.py:536} INFO - Filling up the DagBag from /opt/airflow/dags/outcome_dag.py
[2023-12-17T19:45:21.810+0000] {processor.py:839} INFO - DAG(s) dict_keys(['open_fda']) retrieved from /opt/airflow/dags/outcome_dag.py
[2023-12-17T19:45:21.838+0000] {logging_mixin.py:154} INFO - [2023-12-17T19:45:21.837+0000] {dag.py:2941} INFO - Sync 1 DAGs
[2023-12-17T19:45:21.855+0000] {logging_mixin.py:154} INFO - [2023-12-17T19:45:21.855+0000] {dag.py:3722} INFO - Setting next_dagrun for open_fda to 2023-12-17T00:00:00+00:00, run_after=2023-12-18T00:00:00+00:00
[2023-12-17T19:45:21.865+0000] {processor.py:179} INFO - Processing /opt/airflow/dags/outcome_dag.py took 0.512 seconds
[2023-12-17T19:45:51.923+0000] {processor.py:157} INFO - Started process (PID=3353) to work on /opt/airflow/dags/outcome_dag.py
[2023-12-17T19:45:51.924+0000] {processor.py:829} INFO - Processing file /opt/airflow/dags/outcome_dag.py for tasks to queue
[2023-12-17T19:45:51.925+0000] {logging_mixin.py:154} INFO - [2023-12-17T19:45:51.925+0000] {dagbag.py:536} INFO - Filling up the DagBag from /opt/airflow/dags/outcome_dag.py
[2023-12-17T19:45:52.241+0000] {processor.py:839} INFO - DAG(s) dict_keys(['open_fda']) retrieved from /opt/airflow/dags/outcome_dag.py
[2023-12-17T19:45:52.254+0000] {logging_mixin.py:154} INFO - [2023-12-17T19:45:52.253+0000] {dag.py:2941} INFO - Sync 1 DAGs
[2023-12-17T19:45:52.267+0000] {logging_mixin.py:154} INFO - [2023-12-17T19:45:52.267+0000] {dag.py:3722} INFO - Setting next_dagrun for open_fda to 2023-12-17T00:00:00+00:00, run_after=2023-12-18T00:00:00+00:00
[2023-12-17T19:45:52.275+0000] {processor.py:179} INFO - Processing /opt/airflow/dags/outcome_dag.py took 0.355 seconds
[2023-12-17T19:46:22.472+0000] {processor.py:157} INFO - Started process (PID=3395) to work on /opt/airflow/dags/outcome_dag.py
[2023-12-17T19:46:22.473+0000] {processor.py:829} INFO - Processing file /opt/airflow/dags/outcome_dag.py for tasks to queue
[2023-12-17T19:46:22.476+0000] {logging_mixin.py:154} INFO - [2023-12-17T19:46:22.476+0000] {dagbag.py:536} INFO - Filling up the DagBag from /opt/airflow/dags/outcome_dag.py
[2023-12-17T19:46:22.810+0000] {processor.py:839} INFO - DAG(s) dict_keys(['open_fda']) retrieved from /opt/airflow/dags/outcome_dag.py
[2023-12-17T19:46:22.824+0000] {logging_mixin.py:154} INFO - [2023-12-17T19:46:22.823+0000] {dag.py:2941} INFO - Sync 1 DAGs
[2023-12-17T19:46:22.999+0000] {logging_mixin.py:154} INFO - [2023-12-17T19:46:22.999+0000] {dag.py:3722} INFO - Setting next_dagrun for open_fda to 2023-12-17T00:00:00+00:00, run_after=2023-12-18T00:00:00+00:00
[2023-12-17T19:46:23.006+0000] {processor.py:179} INFO - Processing /opt/airflow/dags/outcome_dag.py took 0.538 seconds
[2023-12-17T19:46:53.027+0000] {processor.py:157} INFO - Started process (PID=3458) to work on /opt/airflow/dags/outcome_dag.py
[2023-12-17T19:46:53.028+0000] {processor.py:829} INFO - Processing file /opt/airflow/dags/outcome_dag.py for tasks to queue
[2023-12-17T19:46:53.030+0000] {logging_mixin.py:154} INFO - [2023-12-17T19:46:53.030+0000] {dagbag.py:536} INFO - Filling up the DagBag from /opt/airflow/dags/outcome_dag.py
[2023-12-17T19:46:53.289+0000] {processor.py:839} INFO - DAG(s) dict_keys(['open_fda']) retrieved from /opt/airflow/dags/outcome_dag.py
[2023-12-17T19:46:53.309+0000] {logging_mixin.py:154} INFO - [2023-12-17T19:46:53.308+0000] {dag.py:2941} INFO - Sync 1 DAGs
[2023-12-17T19:46:53.457+0000] {logging_mixin.py:154} INFO - [2023-12-17T19:46:53.456+0000] {dag.py:3722} INFO - Setting next_dagrun for open_fda to 2023-12-17T00:00:00+00:00, run_after=2023-12-18T00:00:00+00:00
[2023-12-17T19:46:53.465+0000] {processor.py:179} INFO - Processing /opt/airflow/dags/outcome_dag.py took 0.439 seconds
[2023-12-17T19:47:24.439+0000] {processor.py:157} INFO - Started process (PID=3514) to work on /opt/airflow/dags/outcome_dag.py
[2023-12-17T19:47:24.440+0000] {processor.py:829} INFO - Processing file /opt/airflow/dags/outcome_dag.py for tasks to queue
[2023-12-17T19:47:24.444+0000] {logging_mixin.py:154} INFO - [2023-12-17T19:47:24.443+0000] {dagbag.py:536} INFO - Filling up the DagBag from /opt/airflow/dags/outcome_dag.py
[2023-12-17T19:47:24.738+0000] {processor.py:839} INFO - DAG(s) dict_keys(['open_fda']) retrieved from /opt/airflow/dags/outcome_dag.py
[2023-12-17T19:47:24.757+0000] {logging_mixin.py:154} INFO - [2023-12-17T19:47:24.757+0000] {dag.py:2941} INFO - Sync 1 DAGs
[2023-12-17T19:47:24.773+0000] {logging_mixin.py:154} INFO - [2023-12-17T19:47:24.773+0000] {dag.py:3722} INFO - Setting next_dagrun for open_fda to 2023-12-17T00:00:00+00:00, run_after=2023-12-18T00:00:00+00:00
[2023-12-17T19:47:24.785+0000] {processor.py:179} INFO - Processing /opt/airflow/dags/outcome_dag.py took 0.351 seconds
[2023-12-17T19:47:55.701+0000] {processor.py:157} INFO - Started process (PID=3573) to work on /opt/airflow/dags/outcome_dag.py
[2023-12-17T19:47:55.702+0000] {processor.py:829} INFO - Processing file /opt/airflow/dags/outcome_dag.py for tasks to queue
[2023-12-17T19:47:55.704+0000] {logging_mixin.py:154} INFO - [2023-12-17T19:47:55.704+0000] {dagbag.py:536} INFO - Filling up the DagBag from /opt/airflow/dags/outcome_dag.py
[2023-12-17T19:47:55.986+0000] {processor.py:839} INFO - DAG(s) dict_keys(['open_fda']) retrieved from /opt/airflow/dags/outcome_dag.py
[2023-12-17T19:47:56.002+0000] {logging_mixin.py:154} INFO - [2023-12-17T19:47:56.002+0000] {dag.py:2941} INFO - Sync 1 DAGs
[2023-12-17T19:47:56.027+0000] {logging_mixin.py:154} INFO - [2023-12-17T19:47:56.027+0000] {dag.py:3722} INFO - Setting next_dagrun for open_fda to 2023-12-17T00:00:00+00:00, run_after=2023-12-18T00:00:00+00:00
[2023-12-17T19:47:56.036+0000] {processor.py:179} INFO - Processing /opt/airflow/dags/outcome_dag.py took 0.339 seconds
[2023-12-17T19:48:26.828+0000] {processor.py:157} INFO - Started process (PID=3630) to work on /opt/airflow/dags/outcome_dag.py
[2023-12-17T19:48:26.830+0000] {processor.py:829} INFO - Processing file /opt/airflow/dags/outcome_dag.py for tasks to queue
[2023-12-17T19:48:26.833+0000] {logging_mixin.py:154} INFO - [2023-12-17T19:48:26.833+0000] {dagbag.py:536} INFO - Filling up the DagBag from /opt/airflow/dags/outcome_dag.py
[2023-12-17T19:48:27.119+0000] {processor.py:839} INFO - DAG(s) dict_keys(['open_fda']) retrieved from /opt/airflow/dags/outcome_dag.py
[2023-12-17T19:48:27.137+0000] {logging_mixin.py:154} INFO - [2023-12-17T19:48:27.136+0000] {dag.py:2941} INFO - Sync 1 DAGs
[2023-12-17T19:48:27.322+0000] {logging_mixin.py:154} INFO - [2023-12-17T19:48:27.322+0000] {dag.py:3722} INFO - Setting next_dagrun for open_fda to 2023-12-17T00:00:00+00:00, run_after=2023-12-18T00:00:00+00:00
[2023-12-17T19:48:27.329+0000] {processor.py:179} INFO - Processing /opt/airflow/dags/outcome_dag.py took 0.506 seconds
