[2023-12-14T17:57:14.176+0000] {taskinstance.py:1159} INFO - Dependencies all met for dep_context=non-requeueable deps ti=<TaskInstance: open_fda.transform manual__2023-12-14T17:56:44.161671+00:00 [queued]>
[2023-12-14T17:57:14.180+0000] {taskinstance.py:1159} INFO - Dependencies all met for dep_context=requeueable deps ti=<TaskInstance: open_fda.transform manual__2023-12-14T17:56:44.161671+00:00 [queued]>
[2023-12-14T17:57:14.180+0000] {taskinstance.py:1361} INFO - Starting attempt 1 of 1
[2023-12-14T17:57:14.186+0000] {taskinstance.py:1382} INFO - Executing <Task(PythonOperator): transform> on 2023-12-14 17:56:44.161671+00:00
[2023-12-14T17:57:14.189+0000] {standard_task_runner.py:57} INFO - Started process 73 to run task
[2023-12-14T17:57:14.192+0000] {standard_task_runner.py:84} INFO - Running: ['***', 'tasks', 'run', 'open_fda', 'transform', 'manual__2023-12-14T17:56:44.161671+00:00', '--job-id', '4', '--raw', '--subdir', 'DAGS_FOLDER/outcome_dag.py', '--cfg-path', '/tmp/tmp1gkwumxb']
[2023-12-14T17:57:14.193+0000] {standard_task_runner.py:85} INFO - Job 4: Subtask transform
[2023-12-14T17:57:14.223+0000] {task_command.py:416} INFO - Running <TaskInstance: open_fda.transform manual__2023-12-14T17:56:44.161671+00:00 [running]> on host 9d056039e3fa
[2023-12-14T17:57:14.259+0000] {taskinstance.py:1662} INFO - Exporting env vars: AIRFLOW_CTX_DAG_OWNER='***' AIRFLOW_CTX_DAG_ID='open_fda' AIRFLOW_CTX_TASK_ID='transform' AIRFLOW_CTX_EXECUTION_DATE='2023-12-14T17:56:44.161671+00:00' AIRFLOW_CTX_TRY_NUMBER='1' AIRFLOW_CTX_DAG_RUN_ID='manual__2023-12-14T17:56:44.161671+00:00'
[2023-12-14T17:57:15.094+0000] {logging_mixin.py:154} INFO - Tables have been created
[2023-12-14T17:57:15.203+0000] {warnings.py:109} WARNING - /home/***/.local/lib/python3.8/site-packages/***/utils/context.py:314: AirflowContextDeprecationWarning: Accessing 'execution_date' from the template is deprecated and will be removed in a future version. Please use 'data_interval_start' or 'logical_date' instead.
  warnings.warn(_create_deprecation_warning(k, replacements))

[2023-12-14T17:57:20.066+0000] {logging_mixin.py:154} INFO - File uploaded successfully to 'dsc-bucket-1/transformed/2023-12-14_recall_fct.csv'.
[2023-12-14T17:57:21.204+0000] {logging_mixin.py:154} INFO - File uploaded successfully to 'dsc-bucket-1/transformed/2023-12-14_firm_dim.csv'.
[2023-12-14T17:57:21.904+0000] {logging_mixin.py:154} INFO - File uploaded successfully to 'dsc-bucket-1/transformed/2023-12-14_status_dim.csv'.
[2023-12-14T17:57:22.625+0000] {logging_mixin.py:154} INFO - File uploaded successfully to 'dsc-bucket-1/transformed/2023-12-14_cause_dim.csv'.
[2023-12-14T17:57:22.636+0000] {python.py:194} INFO - Done. Returned value was: None
[2023-12-14T17:57:22.656+0000] {taskinstance.py:1400} INFO - Marking task as SUCCESS. dag_id=open_fda, task_id=transform, execution_date=20231214T175644, start_date=20231214T175714, end_date=20231214T175722
[2023-12-14T17:57:22.688+0000] {local_task_job_runner.py:228} INFO - Task exited with return code 0
[2023-12-14T17:57:22.703+0000] {taskinstance.py:2778} INFO - 1 downstream tasks scheduled from follow-on schedule check
